{"C:\\Users\\manch\\OneDrive\\Desktop\\SCMS_Final\\SCMS_Final\\Change-Management-Software\\scms-api\\middleware\\authMiddleware.js": {"path":"C:\\Users\\manch\\OneDrive\\Desktop\\SCMS_Final\\SCMS_Final\\Change-Management-Software\\scms-api\\middleware\\authMiddleware.js","statementMap":{"0":{"start":{"line":1,"column":12},"end":{"line":1,"column":35}},"1":{"start":{"line":3,"column":0},"end":{"line":20,"column":2}},"2":{"start":{"line":5,"column":21},"end":{"line":5,"column":48}},"3":{"start":{"line":6,"column":2},"end":{"line":8,"column":3}},"4":{"start":{"line":7,"column":4},"end":{"line":7,"column":79}},"5":{"start":{"line":10,"column":2},"end":{"line":19,"column":3}},"6":{"start":{"line":11,"column":18},"end":{"line":11,"column":42}},"7":{"start":{"line":12,"column":20},"end":{"line":12,"column":61}},"8":{"start":{"line":15,"column":4},"end":{"line":15,"column":28}},"9":{"start":{"line":16,"column":4},"end":{"line":16,"column":11}},"10":{"start":{"line":18,"column":4},"end":{"line":18,"column":60}}},"fnMap":{"0":{"name":"(anonymous_0)","decl":{"start":{"line":3,"column":17},"end":{"line":3,"column":18}},"loc":{"start":{"line":3,"column":42},"end":{"line":20,"column":1}},"line":3}},"branchMap":{"0":{"loc":{"start":{"line":6,"column":2},"end":{"line":8,"column":3}},"type":"if","locations":[{"start":{"line":6,"column":2},"end":{"line":8,"column":3}},{"start":{},"end":{}}],"line":6},"1":{"loc":{"start":{"line":6,"column":6},"end":{"line":6,"column":54}},"type":"binary-expr","locations":[{"start":{"line":6,"column":6},"end":{"line":6,"column":17}},{"start":{"line":6,"column":21},"end":{"line":6,"column":54}}],"line":6}},"s":{"0":5,"1":5,"2":79,"3":79,"4":2,"5":77,"6":77,"7":77,"8":76,"9":76,"10":1},"f":{"0":79},"b":{"0":[2,77],"1":[79,77]},"_coverageSchema":"1a1c01bbd47fc00a2c39e90264f33305004495a9","hash":"f60741af9e7ec4ac37a65826d754f829eb37c82d"}
,"C:\\Users\\manch\\OneDrive\\Desktop\\SCMS_Final\\SCMS_Final\\Change-Management-Software\\scms-api\\middleware\\roleAuth.js": {"path":"C:\\Users\\manch\\OneDrive\\Desktop\\SCMS_Final\\SCMS_Final\\Change-Management-Software\\scms-api\\middleware\\roleAuth.js","statementMap":{"0":{"start":{"line":2,"column":17},"end":{"line":15,"column":1}},"1":{"start":{"line":3,"column":2},"end":{"line":14,"column":4}},"2":{"start":{"line":5,"column":4},"end":{"line":11,"column":5}},"3":{"start":{"line":8,"column":6},"end":{"line":10,"column":9}},"4":{"start":{"line":13,"column":4},"end":{"line":13,"column":11}},"5":{"start":{"line":17,"column":0},"end":{"line":17,"column":26}}},"fnMap":{"0":{"name":"(anonymous_0)","decl":{"start":{"line":2,"column":17},"end":{"line":2,"column":18}},"loc":{"start":{"line":2,"column":35},"end":{"line":15,"column":1}},"line":2},"1":{"name":"(anonymous_1)","decl":{"start":{"line":3,"column":9},"end":{"line":3,"column":10}},"loc":{"start":{"line":3,"column":29},"end":{"line":14,"column":3}},"line":3}},"branchMap":{"0":{"loc":{"start":{"line":5,"column":4},"end":{"line":11,"column":5}},"type":"if","locations":[{"start":{"line":5,"column":4},"end":{"line":11,"column":5}},{"start":{},"end":{}}],"line":5},"1":{"loc":{"start":{"line":5,"column":8},"end":{"line":5,"column":58}},"type":"binary-expr","locations":[{"start":{"line":5,"column":8},"end":{"line":5,"column":17}},{"start":{"line":5,"column":21},"end":{"line":5,"column":58}}],"line":5}},"s":{"0":5,"1":20,"2":47,"3":0,"4":47,"5":5},"f":{"0":20,"1":47},"b":{"0":[0,47],"1":[47,47]},"_coverageSchema":"1a1c01bbd47fc00a2c39e90264f33305004495a9","hash":"946461042acb5b7cc45fa0ee36bdf53b667d8d3b"}
,"C:\\Users\\manch\\OneDrive\\Desktop\\SCMS_Final\\SCMS_Final\\Change-Management-Software\\scms-api\\models\\ChangeRequest.js": {"path":"C:\\Users\\manch\\OneDrive\\Desktop\\SCMS_Final\\SCMS_Final\\Change-Management-Software\\scms-api\\models\\ChangeRequest.js","statementMap":{"0":{"start":{"line":1,"column":17},"end":{"line":1,"column":36}},"1":{"start":{"line":3,"column":28},"end":{"line":138,"column":1}},"2":{"start":{"line":141,"column":0},"end":{"line":141,"column":55}},"3":{"start":{"line":143,"column":0},"end":{"line":143,"column":45}},"4":{"start":{"line":146,"column":0},"end":{"line":148,"column":3}},"5":{"start":{"line":147,"column":2},"end":{"line":147,"column":40}},"6":{"start":{"line":151,"column":0},"end":{"line":151,"column":54}},"7":{"start":{"line":152,"column":0},"end":{"line":152,"column":56}},"8":{"start":{"line":154,"column":0},"end":{"line":154,"column":70}}},"fnMap":{"0":{"name":"(anonymous_0)","decl":{"start":{"line":146,"column":49},"end":{"line":146,"column":50}},"loc":{"start":{"line":146,"column":60},"end":{"line":148,"column":1}},"line":146}},"branchMap":{"0":{"loc":{"start":{"line":147,"column":9},"end":{"line":147,"column":39}},"type":"binary-expr","locations":[{"start":{"line":147,"column":9},"end":{"line":147,"column":31}},{"start":{"line":147,"column":35},"end":{"line":147,"column":39}}],"line":147}},"s":{"0":5,"1":5,"2":5,"3":5,"4":5,"5":79,"6":5,"7":5,"8":5},"f":{"0":79},"b":{"0":[79,68]},"_coverageSchema":"1a1c01bbd47fc00a2c39e90264f33305004495a9","hash":"def67ecd80724e470d774f8131b6e73c2f420a70"}
,"C:\\Users\\manch\\OneDrive\\Desktop\\SCMS_Final\\SCMS_Final\\Change-Management-Software\\scms-api\\models\\Counter.js": {"path":"C:\\Users\\manch\\OneDrive\\Desktop\\SCMS_Final\\SCMS_Final\\Change-Management-Software\\scms-api\\models\\Counter.js","statementMap":{"0":{"start":{"line":3,"column":17},"end":{"line":3,"column":36}},"1":{"start":{"line":11,"column":22},"end":{"line":14,"column":2}},"2":{"start":{"line":16,"column":0},"end":{"line":16,"column":58}}},"fnMap":{},"branchMap":{},"s":{"0":5,"1":5,"2":5},"f":{},"b":{},"_coverageSchema":"1a1c01bbd47fc00a2c39e90264f33305004495a9","hash":"0d6132de62e3f42fba00cbea8da5b09b88374937"}
,"C:\\Users\\manch\\OneDrive\\Desktop\\SCMS_Final\\SCMS_Final\\Change-Management-Software\\scms-api\\models\\User.js": {"path":"C:\\Users\\manch\\OneDrive\\Desktop\\SCMS_Final\\SCMS_Final\\Change-Management-Software\\scms-api\\models\\User.js","statementMap":{"0":{"start":{"line":1,"column":17},"end":{"line":1,"column":36}},"1":{"start":{"line":2,"column":15},"end":{"line":2,"column":34}},"2":{"start":{"line":4,"column":19},"end":{"line":40,"column":1}},"3":{"start":{"line":43,"column":0},"end":{"line":56,"column":3}},"4":{"start":{"line":45,"column":2},"end":{"line":47,"column":3}},"5":{"start":{"line":46,"column":4},"end":{"line":46,"column":18}},"6":{"start":{"line":49,"column":2},"end":{"line":55,"column":3}},"7":{"start":{"line":50,"column":17},"end":{"line":50,"column":41}},"8":{"start":{"line":51,"column":4},"end":{"line":51,"column":59}},"9":{"start":{"line":52,"column":4},"end":{"line":52,"column":11}},"10":{"start":{"line":54,"column":4},"end":{"line":54,"column":16}},"11":{"start":{"line":59,"column":0},"end":{"line":61,"column":2}},"12":{"start":{"line":60,"column":2},"end":{"line":60,"column":64}},"13":{"start":{"line":64,"column":0},"end":{"line":74,"column":2}},"14":{"start":{"line":65,"column":24},"end":{"line":72,"column":3}},"15":{"start":{"line":73,"column":2},"end":{"line":73,"column":43}},"16":{"start":{"line":77,"column":0},"end":{"line":84,"column":2}},"17":{"start":{"line":78,"column":25},"end":{"line":82,"column":3}},"18":{"start":{"line":83,"column":2},"end":{"line":83,"column":44}},"19":{"start":{"line":86,"column":0},"end":{"line":86,"column":52}}},"fnMap":{"0":{"name":"(anonymous_0)","decl":{"start":{"line":43,"column":23},"end":{"line":43,"column":24}},"loc":{"start":{"line":43,"column":44},"end":{"line":56,"column":1}},"line":43},"1":{"name":"(anonymous_1)","decl":{"start":{"line":59,"column":37},"end":{"line":59,"column":38}},"loc":{"start":{"line":59,"column":71},"end":{"line":61,"column":1}},"line":59},"2":{"name":"(anonymous_2)","decl":{"start":{"line":64,"column":35},"end":{"line":64,"column":36}},"loc":{"start":{"line":64,"column":46},"end":{"line":74,"column":1}},"line":64},"3":{"name":"(anonymous_3)","decl":{"start":{"line":77,"column":37},"end":{"line":77,"column":38}},"loc":{"start":{"line":77,"column":48},"end":{"line":84,"column":1}},"line":77}},"branchMap":{"0":{"loc":{"start":{"line":45,"column":2},"end":{"line":47,"column":3}},"type":"if","locations":[{"start":{"line":45,"column":2},"end":{"line":47,"column":3}},{"start":{},"end":{}}],"line":45}},"s":{"0":5,"1":5,"2":5,"3":5,"4":28,"5":1,"6":27,"7":27,"8":27,"9":27,"10":0,"11":5,"12":0,"13":5,"14":0,"15":0,"16":5,"17":0,"18":0,"19":5},"f":{"0":28,"1":0,"2":0,"3":0},"b":{"0":[1,27]},"_coverageSchema":"1a1c01bbd47fc00a2c39e90264f33305004495a9","hash":"e743d4595a51badc4237767ae6ddb4eb70a4255d"}
,"C:\\Users\\manch\\OneDrive\\Desktop\\SCMS_Final\\SCMS_Final\\Change-Management-Software\\scms-api\\routes\\admin.js": {"path":"C:\\Users\\manch\\OneDrive\\Desktop\\SCMS_Final\\SCMS_Final\\Change-Management-Software\\scms-api\\routes\\admin.js","statementMap":{"0":{"start":{"line":1,"column":16},"end":{"line":1,"column":34}},"1":{"start":{"line":2,"column":15},"end":{"line":2,"column":34}},"2":{"start":{"line":3,"column":13},"end":{"line":3,"column":38}},"3":{"start":{"line":4,"column":22},"end":{"line":4,"column":56}},"4":{"start":{"line":5,"column":23},"end":{"line":5,"column":62}},"5":{"start":{"line":6,"column":35},"end":{"line":6,"column":63}},"6":{"start":{"line":8,"column":15},"end":{"line":8,"column":31}},"7":{"start":{"line":11,"column":16},"end":{"line":16,"column":1}},"8":{"start":{"line":12,"column":2},"end":{"line":14,"column":3}},"9":{"start":{"line":13,"column":4},"end":{"line":13,"column":90}},"10":{"start":{"line":15,"column":2},"end":{"line":15,"column":9}},"11":{"start":{"line":19,"column":0},"end":{"line":19,"column":36}},"12":{"start":{"line":24,"column":0},"end":{"line":35,"column":3}},"13":{"start":{"line":25,"column":2},"end":{"line":34,"column":3}},"14":{"start":{"line":26,"column":18},"end":{"line":28,"column":30}},"15":{"start":{"line":30,"column":4},"end":{"line":30,"column":24}},"16":{"start":{"line":32,"column":4},"end":{"line":32,"column":50}},"17":{"start":{"line":33,"column":4},"end":{"line":33,"column":61}},"18":{"start":{"line":38,"column":0},"end":{"line":54,"column":3}},"19":{"start":{"line":39,"column":2},"end":{"line":53,"column":3}},"20":{"start":{"line":40,"column":17},"end":{"line":40,"column":71}},"21":{"start":{"line":42,"column":4},"end":{"line":44,"column":5}},"22":{"start":{"line":43,"column":6},"end":{"line":43,"column":65}},"23":{"start":{"line":46,"column":4},"end":{"line":46,"column":23}},"24":{"start":{"line":48,"column":4},"end":{"line":48,"column":49}},"25":{"start":{"line":49,"column":4},"end":{"line":51,"column":5}},"26":{"start":{"line":50,"column":6},"end":{"line":50,"column":73}},"27":{"start":{"line":52,"column":4},"end":{"line":52,"column":52}},"28":{"start":{"line":57,"column":0},"end":{"line":94,"column":3}},"29":{"start":{"line":62,"column":17},"end":{"line":62,"column":38}},"30":{"start":{"line":63,"column":2},"end":{"line":65,"column":3}},"31":{"start":{"line":64,"column":4},"end":{"line":64,"column":66}},"32":{"start":{"line":67,"column":36},"end":{"line":67,"column":44}},"33":{"start":{"line":69,"column":2},"end":{"line":93,"column":3}},"34":{"start":{"line":71,"column":23},"end":{"line":71,"column":52}},"35":{"start":{"line":72,"column":4},"end":{"line":74,"column":5}},"36":{"start":{"line":73,"column":6},"end":{"line":73,"column":73}},"37":{"start":{"line":77,"column":20},"end":{"line":77,"column":55}},"38":{"start":{"line":78,"column":4},"end":{"line":78,"column":25}},"39":{"start":{"line":81,"column":25},"end":{"line":81,"column":77}},"40":{"start":{"line":83,"column":4},"end":{"line":86,"column":7}},"41":{"start":{"line":88,"column":4},"end":{"line":88,"column":49}},"42":{"start":{"line":89,"column":4},"end":{"line":91,"column":5}},"43":{"start":{"line":90,"column":6},"end":{"line":90,"column":60}},"44":{"start":{"line":92,"column":4},"end":{"line":92,"column":61}},"45":{"start":{"line":97,"column":0},"end":{"line":143,"column":3}},"46":{"start":{"line":101,"column":17},"end":{"line":101,"column":38}},"47":{"start":{"line":102,"column":2},"end":{"line":104,"column":3}},"48":{"start":{"line":103,"column":4},"end":{"line":103,"column":66}},"49":{"start":{"line":106,"column":36},"end":{"line":106,"column":44}},"50":{"start":{"line":108,"column":2},"end":{"line":142,"column":3}},"51":{"start":{"line":109,"column":15},"end":{"line":109,"column":49}},"52":{"start":{"line":111,"column":4},"end":{"line":113,"column":5}},"53":{"start":{"line":112,"column":6},"end":{"line":112,"column":65}},"54":{"start":{"line":116,"column":4},"end":{"line":116,"column":34}},"55":{"start":{"line":116,"column":15},"end":{"line":116,"column":34}},"56":{"start":{"line":117,"column":4},"end":{"line":117,"column":31}},"57":{"start":{"line":117,"column":14},"end":{"line":117,"column":31}},"58":{"start":{"line":120,"column":4},"end":{"line":122,"column":5}},"59":{"start":{"line":121,"column":6},"end":{"line":121,"column":31}},"60":{"start":{"line":124,"column":4},"end":{"line":124,"column":22}},"61":{"start":{"line":127,"column":24},"end":{"line":127,"column":73}},"62":{"start":{"line":129,"column":4},"end":{"line":132,"column":7}},"63":{"start":{"line":134,"column":4},"end":{"line":134,"column":49}},"64":{"start":{"line":135,"column":4},"end":{"line":137,"column":5}},"65":{"start":{"line":136,"column":6},"end":{"line":136,"column":60}},"66":{"start":{"line":138,"column":4},"end":{"line":140,"column":5}},"67":{"start":{"line":139,"column":6},"end":{"line":139,"column":69}},"68":{"start":{"line":141,"column":4},"end":{"line":141,"column":52}},"69":{"start":{"line":146,"column":0},"end":{"line":166,"column":3}},"70":{"start":{"line":147,"column":2},"end":{"line":165,"column":3}},"71":{"start":{"line":148,"column":17},"end":{"line":148,"column":51}},"72":{"start":{"line":150,"column":4},"end":{"line":152,"column":5}},"73":{"start":{"line":151,"column":6},"end":{"line":151,"column":65}},"74":{"start":{"line":155,"column":4},"end":{"line":157,"column":5}},"75":{"start":{"line":156,"column":6},"end":{"line":156,"column":85}},"76":{"start":{"line":159,"column":4},"end":{"line":159,"column":27}},"77":{"start":{"line":161,"column":4},"end":{"line":161,"column":55}},"78":{"start":{"line":163,"column":4},"end":{"line":163,"column":49}},"79":{"start":{"line":164,"column":4},"end":{"line":164,"column":52}},"80":{"start":{"line":171,"column":0},"end":{"line":222,"column":3}},"81":{"start":{"line":172,"column":2},"end":{"line":221,"column":3}},"82":{"start":{"line":174,"column":23},"end":{"line":174,"column":50}},"83":{"start":{"line":175,"column":24},"end":{"line":178,"column":6}},"84":{"start":{"line":181,"column":21},"end":{"line":181,"column":57}},"85":{"start":{"line":182,"column":24},"end":{"line":185,"column":6}},"86":{"start":{"line":187,"column":26},"end":{"line":190,"column":6}},"87":{"start":{"line":193,"column":24},"end":{"line":196,"column":15}},"88":{"start":{"line":198,"column":22},"end":{"line":201,"column":16}},"89":{"start":{"line":203,"column":4},"end":{"line":217,"column":7}},"90":{"start":{"line":219,"column":4},"end":{"line":219,"column":55}},"91":{"start":{"line":220,"column":4},"end":{"line":220,"column":66}},"92":{"start":{"line":227,"column":0},"end":{"line":241,"column":3}},"93":{"start":{"line":228,"column":2},"end":{"line":240,"column":3}},"94":{"start":{"line":229,"column":16},"end":{"line":234,"column":30}},"95":{"start":{"line":236,"column":4},"end":{"line":236,"column":38}},"96":{"start":{"line":238,"column":4},"end":{"line":238,"column":48}},"97":{"start":{"line":239,"column":4},"end":{"line":239,"column":71}},"98":{"start":{"line":243,"column":0},"end":{"line":243,"column":24}}},"fnMap":{"0":{"name":"(anonymous_0)","decl":{"start":{"line":11,"column":16},"end":{"line":11,"column":17}},"loc":{"start":{"line":11,"column":36},"end":{"line":16,"column":1}},"line":11},"1":{"name":"(anonymous_1)","decl":{"start":{"line":24,"column":21},"end":{"line":24,"column":22}},"loc":{"start":{"line":24,"column":41},"end":{"line":35,"column":1}},"line":24},"2":{"name":"(anonymous_2)","decl":{"start":{"line":38,"column":25},"end":{"line":38,"column":26}},"loc":{"start":{"line":38,"column":45},"end":{"line":54,"column":1}},"line":38},"3":{"name":"(anonymous_3)","decl":{"start":{"line":61,"column":3},"end":{"line":61,"column":4}},"loc":{"start":{"line":61,"column":23},"end":{"line":94,"column":1}},"line":61},"4":{"name":"(anonymous_4)","decl":{"start":{"line":100,"column":3},"end":{"line":100,"column":4}},"loc":{"start":{"line":100,"column":23},"end":{"line":143,"column":1}},"line":100},"5":{"name":"(anonymous_5)","decl":{"start":{"line":146,"column":28},"end":{"line":146,"column":29}},"loc":{"start":{"line":146,"column":48},"end":{"line":166,"column":1}},"line":146},"6":{"name":"(anonymous_6)","decl":{"start":{"line":171,"column":26},"end":{"line":171,"column":27}},"loc":{"start":{"line":171,"column":46},"end":{"line":222,"column":1}},"line":171},"7":{"name":"(anonymous_7)","decl":{"start":{"line":227,"column":31},"end":{"line":227,"column":32}},"loc":{"start":{"line":227,"column":51},"end":{"line":241,"column":1}},"line":227}},"branchMap":{"0":{"loc":{"start":{"line":12,"column":2},"end":{"line":14,"column":3}},"type":"if","locations":[{"start":{"line":12,"column":2},"end":{"line":14,"column":3}},{"start":{},"end":{}}],"line":12},"1":{"loc":{"start":{"line":12,"column":6},"end":{"line":12,"column":77}},"type":"binary-expr","locations":[{"start":{"line":12,"column":6},"end":{"line":12,"column":15}},{"start":{"line":12,"column":19},"end":{"line":12,"column":77}}],"line":12},"2":{"loc":{"start":{"line":42,"column":4},"end":{"line":44,"column":5}},"type":"if","locations":[{"start":{"line":42,"column":4},"end":{"line":44,"column":5}},{"start":{},"end":{}}],"line":42},"3":{"loc":{"start":{"line":49,"column":4},"end":{"line":51,"column":5}},"type":"if","locations":[{"start":{"line":49,"column":4},"end":{"line":51,"column":5}},{"start":{},"end":{}}],"line":49},"4":{"loc":{"start":{"line":63,"column":2},"end":{"line":65,"column":3}},"type":"if","locations":[{"start":{"line":63,"column":2},"end":{"line":65,"column":3}},{"start":{},"end":{}}],"line":63},"5":{"loc":{"start":{"line":72,"column":4},"end":{"line":74,"column":5}},"type":"if","locations":[{"start":{"line":72,"column":4},"end":{"line":74,"column":5}},{"start":{},"end":{}}],"line":72},"6":{"loc":{"start":{"line":89,"column":4},"end":{"line":91,"column":5}},"type":"if","locations":[{"start":{"line":89,"column":4},"end":{"line":91,"column":5}},{"start":{},"end":{}}],"line":89},"7":{"loc":{"start":{"line":102,"column":2},"end":{"line":104,"column":3}},"type":"if","locations":[{"start":{"line":102,"column":2},"end":{"line":104,"column":3}},{"start":{},"end":{}}],"line":102},"8":{"loc":{"start":{"line":111,"column":4},"end":{"line":113,"column":5}},"type":"if","locations":[{"start":{"line":111,"column":4},"end":{"line":113,"column":5}},{"start":{},"end":{}}],"line":111},"9":{"loc":{"start":{"line":116,"column":4},"end":{"line":116,"column":34}},"type":"if","locations":[{"start":{"line":116,"column":4},"end":{"line":116,"column":34}},{"start":{},"end":{}}],"line":116},"10":{"loc":{"start":{"line":117,"column":4},"end":{"line":117,"column":31}},"type":"if","locations":[{"start":{"line":117,"column":4},"end":{"line":117,"column":31}},{"start":{},"end":{}}],"line":117},"11":{"loc":{"start":{"line":120,"column":4},"end":{"line":122,"column":5}},"type":"if","locations":[{"start":{"line":120,"column":4},"end":{"line":122,"column":5}},{"start":{},"end":{}}],"line":120},"12":{"loc":{"start":{"line":120,"column":8},"end":{"line":120,"column":47}},"type":"binary-expr","locations":[{"start":{"line":120,"column":8},"end":{"line":120,"column":16}},{"start":{"line":120,"column":20},"end":{"line":120,"column":47}}],"line":120},"13":{"loc":{"start":{"line":135,"column":4},"end":{"line":137,"column":5}},"type":"if","locations":[{"start":{"line":135,"column":4},"end":{"line":137,"column":5}},{"start":{},"end":{}}],"line":135},"14":{"loc":{"start":{"line":138,"column":4},"end":{"line":140,"column":5}},"type":"if","locations":[{"start":{"line":138,"column":4},"end":{"line":140,"column":5}},{"start":{},"end":{}}],"line":138},"15":{"loc":{"start":{"line":150,"column":4},"end":{"line":152,"column":5}},"type":"if","locations":[{"start":{"line":150,"column":4},"end":{"line":152,"column":5}},{"start":{},"end":{}}],"line":150},"16":{"loc":{"start":{"line":155,"column":4},"end":{"line":157,"column":5}},"type":"if","locations":[{"start":{"line":155,"column":4},"end":{"line":157,"column":5}},{"start":{},"end":{}}],"line":155}},"s":{"0":5,"1":5,"2":5,"3":5,"4":5,"5":5,"6":5,"7":5,"8":12,"9":2,"10":10,"11":5,"12":5,"13":1,"14":1,"15":1,"16":0,"17":0,"18":5,"19":0,"20":0,"21":0,"22":0,"23":0,"24":0,"25":0,"26":0,"27":0,"28":5,"29":2,"30":2,"31":0,"32":2,"33":2,"34":2,"35":2,"36":0,"37":2,"38":2,"39":2,"40":2,"41":0,"42":0,"43":0,"44":0,"45":5,"46":1,"47":1,"48":0,"49":1,"50":1,"51":1,"52":1,"53":0,"54":1,"55":0,"56":1,"57":1,"58":1,"59":0,"60":1,"61":1,"62":1,"63":0,"64":0,"65":0,"66":0,"67":0,"68":0,"69":5,"70":2,"71":2,"72":2,"73":0,"74":2,"75":1,"76":1,"77":1,"78":0,"79":0,"80":5,"81":3,"82":3,"83":3,"84":3,"85":3,"86":3,"87":3,"88":3,"89":3,"90":0,"91":0,"92":5,"93":1,"94":1,"95":1,"96":0,"97":0,"98":5},"f":{"0":12,"1":1,"2":0,"3":2,"4":1,"5":2,"6":3,"7":1},"b":{"0":[2,10],"1":[12,12],"2":[0,0],"3":[0,0],"4":[0,2],"5":[0,2],"6":[0,0],"7":[0,1],"8":[0,1],"9":[0,1],"10":[1,0],"11":[0,1],"12":[1,0],"13":[0,0],"14":[0,0],"15":[0,2],"16":[1,1]},"_coverageSchema":"1a1c01bbd47fc00a2c39e90264f33305004495a9","hash":"619e793c18aa6c0eb5b61c9f18c65523f5c9c92c"}
,"C:\\Users\\manch\\OneDrive\\Desktop\\SCMS_Final\\SCMS_Final\\Change-Management-Software\\scms-api\\routes\\auth.js": {"path":"C:\\Users\\manch\\OneDrive\\Desktop\\SCMS_Final\\SCMS_Final\\Change-Management-Software\\scms-api\\routes\\auth.js","statementMap":{"0":{"start":{"line":1,"column":16},"end":{"line":1,"column":34}},"1":{"start":{"line":2,"column":15},"end":{"line":2,"column":34}},"2":{"start":{"line":3,"column":12},"end":{"line":3,"column":35}},"3":{"start":{"line":4,"column":13},"end":{"line":4,"column":38}},"4":{"start":{"line":5,"column":35},"end":{"line":5,"column":63}},"5":{"start":{"line":7,"column":15},"end":{"line":7,"column":31}},"6":{"start":{"line":11,"column":0},"end":{"line":55,"column":2}},"7":{"start":{"line":18,"column":19},"end":{"line":18,"column":40}},"8":{"start":{"line":19,"column":4},"end":{"line":21,"column":5}},"9":{"start":{"line":20,"column":6},"end":{"line":20,"column":68}},"10":{"start":{"line":23,"column":38},"end":{"line":23,"column":46}},"11":{"start":{"line":24,"column":4},"end":{"line":53,"column":5}},"12":{"start":{"line":25,"column":17},"end":{"line":25,"column":46}},"13":{"start":{"line":26,"column":6},"end":{"line":29,"column":7}},"14":{"start":{"line":28,"column":8},"end":{"line":28,"column":75}},"15":{"start":{"line":30,"column":6},"end":{"line":30,"column":49}},"16":{"start":{"line":31,"column":6},"end":{"line":31,"column":24}},"17":{"start":{"line":33,"column":22},"end":{"line":35,"column":7}},"18":{"start":{"line":38,"column":20},"end":{"line":38,"column":83}},"19":{"start":{"line":41,"column":6},"end":{"line":49,"column":9}},"20":{"start":{"line":52,"column":6},"end":{"line":52,"column":54}},"21":{"start":{"line":60,"column":0},"end":{"line":102,"column":3}},"22":{"start":{"line":61,"column":30},"end":{"line":61,"column":38}},"23":{"start":{"line":62,"column":2},"end":{"line":101,"column":3}},"24":{"start":{"line":63,"column":17},"end":{"line":63,"column":46}},"25":{"start":{"line":64,"column":4},"end":{"line":67,"column":5}},"26":{"start":{"line":66,"column":6},"end":{"line":66,"column":63}},"27":{"start":{"line":69,"column":20},"end":{"line":69,"column":65}},"28":{"start":{"line":70,"column":4},"end":{"line":73,"column":5}},"29":{"start":{"line":72,"column":6},"end":{"line":72,"column":65}},"30":{"start":{"line":76,"column":20},"end":{"line":82,"column":5}},"31":{"start":{"line":84,"column":18},"end":{"line":88,"column":5}},"32":{"start":{"line":90,"column":4},"end":{"line":97,"column":7}},"33":{"start":{"line":99,"column":4},"end":{"line":99,"column":25}},"34":{"start":{"line":100,"column":4},"end":{"line":100,"column":52}},"35":{"start":{"line":104,"column":0},"end":{"line":104,"column":24}}},"fnMap":{"0":{"name":"(anonymous_0)","decl":{"start":{"line":17,"column":2},"end":{"line":17,"column":3}},"loc":{"start":{"line":17,"column":22},"end":{"line":54,"column":3}},"line":17},"1":{"name":"(anonymous_1)","decl":{"start":{"line":60,"column":22},"end":{"line":60,"column":23}},"loc":{"start":{"line":60,"column":42},"end":{"line":102,"column":1}},"line":60}},"branchMap":{"0":{"loc":{"start":{"line":19,"column":4},"end":{"line":21,"column":5}},"type":"if","locations":[{"start":{"line":19,"column":4},"end":{"line":21,"column":5}},{"start":{},"end":{}}],"line":19},"1":{"loc":{"start":{"line":26,"column":6},"end":{"line":29,"column":7}},"type":"if","locations":[{"start":{"line":26,"column":6},"end":{"line":29,"column":7}},{"start":{},"end":{}}],"line":26},"2":{"loc":{"start":{"line":64,"column":4},"end":{"line":67,"column":5}},"type":"if","locations":[{"start":{"line":64,"column":4},"end":{"line":67,"column":5}},{"start":{},"end":{}}],"line":64},"3":{"loc":{"start":{"line":70,"column":4},"end":{"line":73,"column":5}},"type":"if","locations":[{"start":{"line":70,"column":4},"end":{"line":73,"column":5}},{"start":{},"end":{}}],"line":70}},"s":{"0":5,"1":5,"2":5,"3":5,"4":5,"5":5,"6":5,"7":31,"8":31,"9":4,"10":27,"11":27,"12":27,"13":27,"14":2,"15":25,"16":25,"17":25,"18":25,"19":25,"20":0,"21":5,"22":16,"23":16,"24":16,"25":16,"26":1,"27":15,"28":15,"29":2,"30":13,"31":13,"32":13,"33":0,"34":0,"35":5},"f":{"0":31,"1":16},"b":{"0":[4,27],"1":[2,25],"2":[1,15],"3":[2,13]},"_coverageSchema":"1a1c01bbd47fc00a2c39e90264f33305004495a9","hash":"f77265663e1d11c56d460eea626a72f350914b2a"}
,"C:\\Users\\manch\\OneDrive\\Desktop\\SCMS_Final\\SCMS_Final\\Change-Management-Software\\scms-api\\routes\\changeRequests.js": {"path":"C:\\Users\\manch\\OneDrive\\Desktop\\SCMS_Final\\SCMS_Final\\Change-Management-Software\\scms-api\\routes\\changeRequests.js","statementMap":{"0":{"start":{"line":1,"column":16},"end":{"line":1,"column":34}},"1":{"start":{"line":2,"column":22},"end":{"line":2,"column":56}},"2":{"start":{"line":3,"column":16},"end":{"line":3,"column":44}},"3":{"start":{"line":4,"column":23},"end":{"line":4,"column":62}},"4":{"start":{"line":5,"column":17},"end":{"line":5,"column":50}},"5":{"start":{"line":6,"column":15},"end":{"line":6,"column":31}},"6":{"start":{"line":10,"column":24},"end":{"line":17,"column":3}},"7":{"start":{"line":18,"column":2},"end":{"line":18,"column":42}},"8":{"start":{"line":23,"column":25},"end":{"line":27,"column":3}},"9":{"start":{"line":28,"column":2},"end":{"line":28,"column":43}},"10":{"start":{"line":32,"column":15},"end":{"line":32,"column":39}},"11":{"start":{"line":33,"column":20},"end":{"line":33,"column":39}},"12":{"start":{"line":34,"column":18},"end":{"line":38,"column":3}},"13":{"start":{"line":39,"column":17},"end":{"line":39,"column":56}},"14":{"start":{"line":40,"column":2},"end":{"line":40,"column":32}},"15":{"start":{"line":44,"column":0},"end":{"line":89,"column":3}},"16":{"start":{"line":45,"column":80},"end":{"line":45,"column":88}},"17":{"start":{"line":47,"column":2},"end":{"line":88,"column":3}},"18":{"start":{"line":48,"column":22},"end":{"line":48,"column":46}},"19":{"start":{"line":51,"column":27},"end":{"line":51,"column":29}},"20":{"start":{"line":52,"column":4},"end":{"line":58,"column":5}},"21":{"start":{"line":53,"column":6},"end":{"line":57,"column":7}},"22":{"start":{"line":54,"column":8},"end":{"line":54,"column":66}},"23":{"start":{"line":54,"column":51},"end":{"line":54,"column":64}},"24":{"start":{"line":55,"column":13},"end":{"line":57,"column":7}},"25":{"start":{"line":56,"column":8},"end":{"line":56,"column":48}},"26":{"start":{"line":60,"column":18},"end":{"line":70,"column":6}},"27":{"start":{"line":72,"column":4},"end":{"line":72,"column":23}},"28":{"start":{"line":75,"column":24},"end":{"line":76,"column":42}},"29":{"start":{"line":78,"column":4},"end":{"line":78,"column":38}},"30":{"start":{"line":80,"column":4},"end":{"line":80,"column":47}},"31":{"start":{"line":81,"column":4},"end":{"line":83,"column":5}},"32":{"start":{"line":82,"column":6},"end":{"line":82,"column":99}},"33":{"start":{"line":84,"column":4},"end":{"line":86,"column":5}},"34":{"start":{"line":85,"column":6},"end":{"line":85,"column":60}},"35":{"start":{"line":87,"column":4},"end":{"line":87,"column":71}},"36":{"start":{"line":92,"column":0},"end":{"line":119,"column":3}},"37":{"start":{"line":93,"column":2},"end":{"line":118,"column":3}},"38":{"start":{"line":94,"column":16},"end":{"line":94,"column":18}},"39":{"start":{"line":95,"column":21},"end":{"line":95,"column":34}},"40":{"start":{"line":98,"column":4},"end":{"line":104,"column":5}},"41":{"start":{"line":99,"column":6},"end":{"line":99,"column":36}},"42":{"start":{"line":102,"column":9},"end":{"line":104,"column":5}},"43":{"start":{"line":103,"column":6},"end":{"line":103,"column":38}},"44":{"start":{"line":107,"column":16},"end":{"line":112,"column":30}},"45":{"start":{"line":114,"column":4},"end":{"line":114,"column":38}},"46":{"start":{"line":116,"column":4},"end":{"line":116,"column":48}},"47":{"start":{"line":117,"column":4},"end":{"line":117,"column":71}},"48":{"start":{"line":122,"column":0},"end":{"line":154,"column":3}},"49":{"start":{"line":123,"column":2},"end":{"line":153,"column":3}},"50":{"start":{"line":124,"column":15},"end":{"line":128,"column":43}},"51":{"start":{"line":130,"column":4},"end":{"line":132,"column":5}},"52":{"start":{"line":131,"column":6},"end":{"line":131,"column":63}},"53":{"start":{"line":135,"column":4},"end":{"line":143,"column":5}},"54":{"start":{"line":136,"column":6},"end":{"line":139,"column":7}},"55":{"start":{"line":137,"column":8},"end":{"line":137,"column":68}},"56":{"start":{"line":138,"column":8},"end":{"line":138,"column":92}},"57":{"start":{"line":140,"column":6},"end":{"line":142,"column":7}},"58":{"start":{"line":141,"column":8},"end":{"line":141,"column":107}},"59":{"start":{"line":146,"column":4},"end":{"line":146,"column":36}},"60":{"start":{"line":148,"column":4},"end":{"line":148,"column":54}},"61":{"start":{"line":149,"column":4},"end":{"line":151,"column":5}},"62":{"start":{"line":150,"column":6},"end":{"line":150,"column":71}},"63":{"start":{"line":152,"column":4},"end":{"line":152,"column":52}},"64":{"start":{"line":157,"column":0},"end":{"line":207,"column":3}},"65":{"start":{"line":158,"column":80},"end":{"line":158,"column":88}},"66":{"start":{"line":160,"column":2},"end":{"line":206,"column":3}},"67":{"start":{"line":161,"column":13},"end":{"line":161,"column":56}},"68":{"start":{"line":163,"column":4},"end":{"line":165,"column":5}},"69":{"start":{"line":164,"column":6},"end":{"line":164,"column":63}},"70":{"start":{"line":167,"column":4},"end":{"line":169,"column":5}},"71":{"start":{"line":168,"column":6},"end":{"line":168,"column":97}},"72":{"start":{"line":171,"column":4},"end":{"line":173,"column":5}},"73":{"start":{"line":172,"column":6},"end":{"line":172,"column":115}},"74":{"start":{"line":176,"column":4},"end":{"line":176,"column":33}},"75":{"start":{"line":177,"column":4},"end":{"line":177,"column":51}},"76":{"start":{"line":178,"column":4},"end":{"line":178,"column":42}},"77":{"start":{"line":179,"column":4},"end":{"line":179,"column":42}},"78":{"start":{"line":180,"column":4},"end":{"line":180,"column":54}},"79":{"start":{"line":183,"column":4},"end":{"line":191,"column":5}},"80":{"start":{"line":184,"column":6},"end":{"line":190,"column":7}},"81":{"start":{"line":185,"column":8},"end":{"line":185,"column":64}},"82":{"start":{"line":185,"column":49},"end":{"line":185,"column":62}},"83":{"start":{"line":186,"column":13},"end":{"line":190,"column":7}},"84":{"start":{"line":187,"column":8},"end":{"line":187,"column":46}},"85":{"start":{"line":189,"column":8},"end":{"line":189,"column":28}},"86":{"start":{"line":193,"column":22},"end":{"line":193,"column":37}},"87":{"start":{"line":196,"column":24},"end":{"line":197,"column":42}},"88":{"start":{"line":199,"column":4},"end":{"line":199,"column":26}},"89":{"start":{"line":201,"column":4},"end":{"line":201,"column":47}},"90":{"start":{"line":202,"column":4},"end":{"line":204,"column":5}},"91":{"start":{"line":203,"column":6},"end":{"line":203,"column":60}},"92":{"start":{"line":205,"column":4},"end":{"line":205,"column":52}},"93":{"start":{"line":210,"column":0},"end":{"line":242,"column":3}},"94":{"start":{"line":211,"column":2},"end":{"line":241,"column":3}},"95":{"start":{"line":212,"column":13},"end":{"line":212,"column":56}},"96":{"start":{"line":214,"column":4},"end":{"line":216,"column":5}},"97":{"start":{"line":215,"column":6},"end":{"line":215,"column":63}},"98":{"start":{"line":218,"column":4},"end":{"line":220,"column":5}},"99":{"start":{"line":219,"column":6},"end":{"line":219,"column":97}},"100":{"start":{"line":222,"column":4},"end":{"line":224,"column":5}},"101":{"start":{"line":223,"column":6},"end":{"line":223,"column":86}},"102":{"start":{"line":226,"column":4},"end":{"line":226,"column":26}},"103":{"start":{"line":227,"column":4},"end":{"line":227,"column":33}},"104":{"start":{"line":228,"column":4},"end":{"line":228,"column":32}},"105":{"start":{"line":230,"column":4},"end":{"line":230,"column":20}},"106":{"start":{"line":233,"column":24},"end":{"line":235,"column":44}},"107":{"start":{"line":237,"column":4},"end":{"line":237,"column":26}},"108":{"start":{"line":239,"column":4},"end":{"line":239,"column":49}},"109":{"start":{"line":240,"column":4},"end":{"line":240,"column":52}},"110":{"start":{"line":246,"column":0},"end":{"line":289,"column":3}},"111":{"start":{"line":247,"column":2},"end":{"line":288,"column":3}},"112":{"start":{"line":249,"column":4},"end":{"line":253,"column":5}},"113":{"start":{"line":250,"column":6},"end":{"line":252,"column":9}},"114":{"start":{"line":255,"column":24},"end":{"line":255,"column":32}},"115":{"start":{"line":257,"column":13},"end":{"line":257,"column":56}},"116":{"start":{"line":259,"column":4},"end":{"line":261,"column":5}},"117":{"start":{"line":260,"column":6},"end":{"line":260,"column":63}},"118":{"start":{"line":263,"column":4},"end":{"line":265,"column":5}},"119":{"start":{"line":264,"column":6},"end":{"line":264,"column":83}},"120":{"start":{"line":267,"column":4},"end":{"line":267,"column":27}},"121":{"start":{"line":268,"column":4},"end":{"line":268,"column":32}},"122":{"start":{"line":269,"column":4},"end":{"line":269,"column":33}},"123":{"start":{"line":272,"column":4},"end":{"line":274,"column":5}},"124":{"start":{"line":273,"column":6},"end":{"line":273,"column":42}},"125":{"start":{"line":276,"column":4},"end":{"line":276,"column":20}},"126":{"start":{"line":278,"column":24},"end":{"line":282,"column":43}},"127":{"start":{"line":284,"column":4},"end":{"line":284,"column":26}},"128":{"start":{"line":286,"column":4},"end":{"line":286,"column":48}},"129":{"start":{"line":287,"column":4},"end":{"line":287,"column":52}},"130":{"start":{"line":293,"column":0},"end":{"line":339,"column":3}},"131":{"start":{"line":294,"column":30},"end":{"line":294,"column":38}},"132":{"start":{"line":297,"column":24},"end":{"line":297,"column":41}},"133":{"start":{"line":299,"column":2},"end":{"line":301,"column":3}},"134":{"start":{"line":300,"column":4},"end":{"line":300,"column":80}},"135":{"start":{"line":303,"column":2},"end":{"line":338,"column":3}},"136":{"start":{"line":305,"column":4},"end":{"line":309,"column":5}},"137":{"start":{"line":306,"column":6},"end":{"line":308,"column":9}},"138":{"start":{"line":311,"column":13},"end":{"line":311,"column":56}},"139":{"start":{"line":313,"column":4},"end":{"line":315,"column":5}},"140":{"start":{"line":314,"column":6},"end":{"line":314,"column":63}},"141":{"start":{"line":317,"column":4},"end":{"line":319,"column":5}},"142":{"start":{"line":318,"column":6},"end":{"line":318,"column":84}},"143":{"start":{"line":321,"column":4},"end":{"line":321,"column":27}},"144":{"start":{"line":322,"column":4},"end":{"line":322,"column":32}},"145":{"start":{"line":323,"column":4},"end":{"line":323,"column":34}},"146":{"start":{"line":324,"column":4},"end":{"line":324,"column":46}},"147":{"start":{"line":326,"column":4},"end":{"line":326,"column":20}},"148":{"start":{"line":328,"column":24},"end":{"line":332,"column":43}},"149":{"start":{"line":334,"column":4},"end":{"line":334,"column":26}},"150":{"start":{"line":336,"column":4},"end":{"line":336,"column":48}},"151":{"start":{"line":337,"column":4},"end":{"line":337,"column":52}},"152":{"start":{"line":342,"column":0},"end":{"line":364,"column":3}},"153":{"start":{"line":343,"column":2},"end":{"line":363,"column":3}},"154":{"start":{"line":344,"column":15},"end":{"line":344,"column":58}},"155":{"start":{"line":346,"column":4},"end":{"line":348,"column":5}},"156":{"start":{"line":347,"column":6},"end":{"line":347,"column":63}},"157":{"start":{"line":350,"column":4},"end":{"line":352,"column":5}},"158":{"start":{"line":351,"column":6},"end":{"line":351,"column":97}},"159":{"start":{"line":354,"column":4},"end":{"line":356,"column":5}},"160":{"start":{"line":355,"column":6},"end":{"line":355,"column":110}},"161":{"start":{"line":358,"column":4},"end":{"line":358,"column":25}},"162":{"start":{"line":359,"column":4},"end":{"line":359,"column":53}},"163":{"start":{"line":361,"column":4},"end":{"line":361,"column":47}},"164":{"start":{"line":362,"column":4},"end":{"line":362,"column":52}},"165":{"start":{"line":366,"column":0},"end":{"line":366,"column":24}}},"fnMap":{"0":{"name":"canApprove","decl":{"start":{"line":9,"column":9},"end":{"line":9,"column":19}},"loc":{"start":{"line":9,"column":30},"end":{"line":19,"column":1}},"line":9},"1":{"name":"isDeveloperRole","decl":{"start":{"line":22,"column":9},"end":{"line":22,"column":24}},"loc":{"start":{"line":22,"column":35},"end":{"line":29,"column":1}},"line":22},"2":{"name":"generateCrNumber","decl":{"start":{"line":31,"column":15},"end":{"line":31,"column":31}},"loc":{"start":{"line":31,"column":34},"end":{"line":41,"column":1}},"line":31},"3":{"name":"(anonymous_3)","decl":{"start":{"line":44,"column":94},"end":{"line":44,"column":95}},"loc":{"start":{"line":44,"column":114},"end":{"line":89,"column":1}},"line":44},"4":{"name":"(anonymous_4)","decl":{"start":{"line":54,"column":46},"end":{"line":54,"column":47}},"loc":{"start":{"line":54,"column":51},"end":{"line":54,"column":64}},"line":54},"5":{"name":"(anonymous_5)","decl":{"start":{"line":92,"column":32},"end":{"line":92,"column":33}},"loc":{"start":{"line":92,"column":52},"end":{"line":119,"column":1}},"line":92},"6":{"name":"(anonymous_6)","decl":{"start":{"line":122,"column":35},"end":{"line":122,"column":36}},"loc":{"start":{"line":122,"column":55},"end":{"line":154,"column":1}},"line":122},"7":{"name":"(anonymous_7)","decl":{"start":{"line":157,"column":96},"end":{"line":157,"column":97}},"loc":{"start":{"line":157,"column":116},"end":{"line":207,"column":1}},"line":157},"8":{"name":"(anonymous_8)","decl":{"start":{"line":185,"column":44},"end":{"line":185,"column":45}},"loc":{"start":{"line":185,"column":49},"end":{"line":185,"column":62}},"line":185},"9":{"name":"(anonymous_9)","decl":{"start":{"line":210,"column":103},"end":{"line":210,"column":104}},"loc":{"start":{"line":210,"column":123},"end":{"line":242,"column":1}},"line":210},"10":{"name":"(anonymous_10)","decl":{"start":{"line":246,"column":45},"end":{"line":246,"column":46}},"loc":{"start":{"line":246,"column":65},"end":{"line":289,"column":1}},"line":246},"11":{"name":"(anonymous_11)","decl":{"start":{"line":293,"column":44},"end":{"line":293,"column":45}},"loc":{"start":{"line":293,"column":64},"end":{"line":339,"column":1}},"line":293},"12":{"name":"(anonymous_12)","decl":{"start":{"line":342,"column":99},"end":{"line":342,"column":100}},"loc":{"start":{"line":342,"column":119},"end":{"line":364,"column":1}},"line":342}},"branchMap":{"0":{"loc":{"start":{"line":52,"column":4},"end":{"line":58,"column":5}},"type":"if","locations":[{"start":{"line":52,"column":4},"end":{"line":58,"column":5}},{"start":{},"end":{}}],"line":52},"1":{"loc":{"start":{"line":53,"column":6},"end":{"line":57,"column":7}},"type":"if","locations":[{"start":{"line":53,"column":6},"end":{"line":57,"column":7}},{"start":{"line":55,"column":13},"end":{"line":57,"column":7}}],"line":53},"2":{"loc":{"start":{"line":54,"column":51},"end":{"line":54,"column":64}},"type":"binary-expr","locations":[{"start":{"line":54,"column":51},"end":{"line":54,"column":52}},{"start":{"line":54,"column":56},"end":{"line":54,"column":64}}],"line":54},"3":{"loc":{"start":{"line":55,"column":13},"end":{"line":57,"column":7}},"type":"if","locations":[{"start":{"line":55,"column":13},"end":{"line":57,"column":7}},{"start":{},"end":{}}],"line":55},"4":{"loc":{"start":{"line":55,"column":17},"end":{"line":55,"column":70}},"type":"binary-expr","locations":[{"start":{"line":55,"column":17},"end":{"line":55,"column":48}},{"start":{"line":55,"column":52},"end":{"line":55,"column":70}}],"line":55},"5":{"loc":{"start":{"line":81,"column":4},"end":{"line":83,"column":5}},"type":"if","locations":[{"start":{"line":81,"column":4},"end":{"line":83,"column":5}},{"start":{},"end":{}}],"line":81},"6":{"loc":{"start":{"line":84,"column":4},"end":{"line":86,"column":5}},"type":"if","locations":[{"start":{"line":84,"column":4},"end":{"line":86,"column":5}},{"start":{},"end":{}}],"line":84},"7":{"loc":{"start":{"line":98,"column":4},"end":{"line":104,"column":5}},"type":"if","locations":[{"start":{"line":98,"column":4},"end":{"line":104,"column":5}},{"start":{"line":102,"column":9},"end":{"line":104,"column":5}}],"line":98},"8":{"loc":{"start":{"line":102,"column":9},"end":{"line":104,"column":5}},"type":"if","locations":[{"start":{"line":102,"column":9},"end":{"line":104,"column":5}},{"start":{},"end":{}}],"line":102},"9":{"loc":{"start":{"line":130,"column":4},"end":{"line":132,"column":5}},"type":"if","locations":[{"start":{"line":130,"column":4},"end":{"line":132,"column":5}},{"start":{},"end":{}}],"line":130},"10":{"loc":{"start":{"line":135,"column":4},"end":{"line":143,"column":5}},"type":"if","locations":[{"start":{"line":135,"column":4},"end":{"line":143,"column":5}},{"start":{},"end":{}}],"line":135},"11":{"loc":{"start":{"line":136,"column":6},"end":{"line":139,"column":7}},"type":"if","locations":[{"start":{"line":136,"column":6},"end":{"line":139,"column":7}},{"start":{},"end":{}}],"line":136},"12":{"loc":{"start":{"line":140,"column":6},"end":{"line":142,"column":7}},"type":"if","locations":[{"start":{"line":140,"column":6},"end":{"line":142,"column":7}},{"start":{},"end":{}}],"line":140},"13":{"loc":{"start":{"line":149,"column":4},"end":{"line":151,"column":5}},"type":"if","locations":[{"start":{"line":149,"column":4},"end":{"line":151,"column":5}},{"start":{},"end":{}}],"line":149},"14":{"loc":{"start":{"line":163,"column":4},"end":{"line":165,"column":5}},"type":"if","locations":[{"start":{"line":163,"column":4},"end":{"line":165,"column":5}},{"start":{},"end":{}}],"line":163},"15":{"loc":{"start":{"line":167,"column":4},"end":{"line":169,"column":5}},"type":"if","locations":[{"start":{"line":167,"column":4},"end":{"line":169,"column":5}},{"start":{},"end":{}}],"line":167},"16":{"loc":{"start":{"line":167,"column":8},"end":{"line":167,"column":64}},"type":"binary-expr","locations":[{"start":{"line":167,"column":8},"end":{"line":167,"column":21}},{"start":{"line":167,"column":25},"end":{"line":167,"column":64}}],"line":167},"17":{"loc":{"start":{"line":171,"column":4},"end":{"line":173,"column":5}},"type":"if","locations":[{"start":{"line":171,"column":4},"end":{"line":173,"column":5}},{"start":{},"end":{}}],"line":171},"18":{"loc":{"start":{"line":176,"column":15},"end":{"line":176,"column":32}},"type":"binary-expr","locations":[{"start":{"line":176,"column":15},"end":{"line":176,"column":20}},{"start":{"line":176,"column":24},"end":{"line":176,"column":32}}],"line":176},"19":{"loc":{"start":{"line":177,"column":21},"end":{"line":177,"column":50}},"type":"binary-expr","locations":[{"start":{"line":177,"column":21},"end":{"line":177,"column":32}},{"start":{"line":177,"column":36},"end":{"line":177,"column":50}}],"line":177},"20":{"loc":{"start":{"line":178,"column":18},"end":{"line":178,"column":41}},"type":"binary-expr","locations":[{"start":{"line":178,"column":18},"end":{"line":178,"column":26}},{"start":{"line":178,"column":30},"end":{"line":178,"column":41}}],"line":178},"21":{"loc":{"start":{"line":179,"column":18},"end":{"line":179,"column":41}},"type":"binary-expr","locations":[{"start":{"line":179,"column":18},"end":{"line":179,"column":26}},{"start":{"line":179,"column":30},"end":{"line":179,"column":41}}],"line":179},"22":{"loc":{"start":{"line":180,"column":22},"end":{"line":180,"column":53}},"type":"binary-expr","locations":[{"start":{"line":180,"column":22},"end":{"line":180,"column":34}},{"start":{"line":180,"column":38},"end":{"line":180,"column":53}}],"line":180},"23":{"loc":{"start":{"line":183,"column":4},"end":{"line":191,"column":5}},"type":"if","locations":[{"start":{"line":183,"column":4},"end":{"line":191,"column":5}},{"start":{},"end":{}}],"line":183},"24":{"loc":{"start":{"line":184,"column":6},"end":{"line":190,"column":7}},"type":"if","locations":[{"start":{"line":184,"column":6},"end":{"line":190,"column":7}},{"start":{"line":186,"column":13},"end":{"line":190,"column":7}}],"line":184},"25":{"loc":{"start":{"line":185,"column":49},"end":{"line":185,"column":62}},"type":"binary-expr","locations":[{"start":{"line":185,"column":49},"end":{"line":185,"column":50}},{"start":{"line":185,"column":54},"end":{"line":185,"column":62}}],"line":185},"26":{"loc":{"start":{"line":186,"column":13},"end":{"line":190,"column":7}},"type":"if","locations":[{"start":{"line":186,"column":13},"end":{"line":190,"column":7}},{"start":{"line":188,"column":13},"end":{"line":190,"column":7}}],"line":186},"27":{"loc":{"start":{"line":186,"column":17},"end":{"line":186,"column":70}},"type":"binary-expr","locations":[{"start":{"line":186,"column":17},"end":{"line":186,"column":48}},{"start":{"line":186,"column":52},"end":{"line":186,"column":70}}],"line":186},"28":{"loc":{"start":{"line":202,"column":4},"end":{"line":204,"column":5}},"type":"if","locations":[{"start":{"line":202,"column":4},"end":{"line":204,"column":5}},{"start":{},"end":{}}],"line":202},"29":{"loc":{"start":{"line":214,"column":4},"end":{"line":216,"column":5}},"type":"if","locations":[{"start":{"line":214,"column":4},"end":{"line":216,"column":5}},{"start":{},"end":{}}],"line":214},"30":{"loc":{"start":{"line":218,"column":4},"end":{"line":220,"column":5}},"type":"if","locations":[{"start":{"line":218,"column":4},"end":{"line":220,"column":5}},{"start":{},"end":{}}],"line":218},"31":{"loc":{"start":{"line":218,"column":8},"end":{"line":218,"column":64}},"type":"binary-expr","locations":[{"start":{"line":218,"column":8},"end":{"line":218,"column":21}},{"start":{"line":218,"column":25},"end":{"line":218,"column":64}}],"line":218},"32":{"loc":{"start":{"line":222,"column":4},"end":{"line":224,"column":5}},"type":"if","locations":[{"start":{"line":222,"column":4},"end":{"line":224,"column":5}},{"start":{},"end":{}}],"line":222},"33":{"loc":{"start":{"line":249,"column":4},"end":{"line":253,"column":5}},"type":"if","locations":[{"start":{"line":249,"column":4},"end":{"line":253,"column":5}},{"start":{},"end":{}}],"line":249},"34":{"loc":{"start":{"line":259,"column":4},"end":{"line":261,"column":5}},"type":"if","locations":[{"start":{"line":259,"column":4},"end":{"line":261,"column":5}},{"start":{},"end":{}}],"line":259},"35":{"loc":{"start":{"line":263,"column":4},"end":{"line":265,"column":5}},"type":"if","locations":[{"start":{"line":263,"column":4},"end":{"line":265,"column":5}},{"start":{},"end":{}}],"line":263},"36":{"loc":{"start":{"line":272,"column":4},"end":{"line":274,"column":5}},"type":"if","locations":[{"start":{"line":272,"column":4},"end":{"line":274,"column":5}},{"start":{},"end":{}}],"line":272},"37":{"loc":{"start":{"line":272,"column":8},"end":{"line":272,"column":33}},"type":"binary-expr","locations":[{"start":{"line":272,"column":8},"end":{"line":272,"column":15}},{"start":{"line":272,"column":19},"end":{"line":272,"column":33}}],"line":272},"38":{"loc":{"start":{"line":297,"column":24},"end":{"line":297,"column":41}},"type":"binary-expr","locations":[{"start":{"line":297,"column":24},"end":{"line":297,"column":30}},{"start":{"line":297,"column":34},"end":{"line":297,"column":41}}],"line":297},"39":{"loc":{"start":{"line":299,"column":2},"end":{"line":301,"column":3}},"type":"if","locations":[{"start":{"line":299,"column":2},"end":{"line":301,"column":3}},{"start":{},"end":{}}],"line":299},"40":{"loc":{"start":{"line":299,"column":6},"end":{"line":299,"column":45}},"type":"binary-expr","locations":[{"start":{"line":299,"column":6},"end":{"line":299,"column":20}},{"start":{"line":299,"column":24},"end":{"line":299,"column":45}}],"line":299},"41":{"loc":{"start":{"line":305,"column":4},"end":{"line":309,"column":5}},"type":"if","locations":[{"start":{"line":305,"column":4},"end":{"line":309,"column":5}},{"start":{},"end":{}}],"line":305},"42":{"loc":{"start":{"line":313,"column":4},"end":{"line":315,"column":5}},"type":"if","locations":[{"start":{"line":313,"column":4},"end":{"line":315,"column":5}},{"start":{},"end":{}}],"line":313},"43":{"loc":{"start":{"line":317,"column":4},"end":{"line":319,"column":5}},"type":"if","locations":[{"start":{"line":317,"column":4},"end":{"line":319,"column":5}},{"start":{},"end":{}}],"line":317},"44":{"loc":{"start":{"line":346,"column":4},"end":{"line":348,"column":5}},"type":"if","locations":[{"start":{"line":346,"column":4},"end":{"line":348,"column":5}},{"start":{},"end":{}}],"line":346},"45":{"loc":{"start":{"line":350,"column":4},"end":{"line":352,"column":5}},"type":"if","locations":[{"start":{"line":350,"column":4},"end":{"line":352,"column":5}},{"start":{},"end":{}}],"line":350},"46":{"loc":{"start":{"line":350,"column":8},"end":{"line":350,"column":64}},"type":"binary-expr","locations":[{"start":{"line":350,"column":8},"end":{"line":350,"column":21}},{"start":{"line":350,"column":25},"end":{"line":350,"column":64}}],"line":350},"47":{"loc":{"start":{"line":354,"column":4},"end":{"line":356,"column":5}},"type":"if","locations":[{"start":{"line":354,"column":4},"end":{"line":356,"column":5}},{"start":{},"end":{}}],"line":354}},"s":{"0":5,"1":5,"2":5,"3":5,"4":5,"5":5,"6":10,"7":10,"8":7,"9":7,"10":32,"11":32,"12":32,"13":31,"14":31,"15":5,"16":32,"17":32,"18":32,"19":31,"20":31,"21":25,"22":25,"23":0,"24":0,"25":0,"26":31,"27":31,"28":26,"29":26,"30":6,"31":6,"32":1,"33":5,"34":5,"35":0,"36":5,"37":3,"38":3,"39":3,"40":3,"41":1,"42":2,"43":2,"44":3,"45":3,"46":0,"47":0,"48":5,"49":5,"50":5,"51":5,"52":1,"53":4,"54":3,"55":0,"56":0,"57":3,"58":2,"59":2,"60":0,"61":0,"62":0,"63":0,"64":5,"65":3,"66":3,"67":3,"68":3,"69":0,"70":3,"71":1,"72":2,"73":1,"74":1,"75":1,"76":1,"77":1,"78":1,"79":1,"80":0,"81":0,"82":0,"83":0,"84":0,"85":0,"86":1,"87":1,"88":1,"89":0,"90":0,"91":0,"92":0,"93":5,"94":10,"95":10,"96":10,"97":0,"98":10,"99":0,"100":10,"101":1,"102":9,"103":9,"104":9,"105":9,"106":9,"107":9,"108":0,"109":0,"110":5,"111":6,"112":6,"113":2,"114":4,"115":4,"116":4,"117":0,"118":4,"119":1,"120":3,"121":3,"122":3,"123":3,"124":2,"125":3,"126":3,"127":3,"128":0,"129":0,"130":5,"131":3,"132":3,"133":3,"134":1,"135":2,"136":2,"137":0,"138":2,"139":2,"140":0,"141":2,"142":1,"143":1,"144":1,"145":1,"146":1,"147":1,"148":1,"149":1,"150":0,"151":0,"152":5,"153":2,"154":2,"155":2,"156":0,"157":2,"158":2,"159":0,"160":0,"161":0,"162":0,"163":0,"164":0,"165":5},"f":{"0":10,"1":7,"2":32,"3":32,"4":0,"5":3,"6":5,"7":3,"8":0,"9":10,"10":6,"11":3,"12":2},"b":{"0":[25,6],"1":[25,0],"2":[0,0],"3":[0,0],"4":[0,0],"5":[1,5],"6":[5,0],"7":[1,2],"8":[2,0],"9":[1,4],"10":[3,1],"11":[0,3],"12":[2,1],"13":[0,0],"14":[0,3],"15":[1,2],"16":[3,3],"17":[1,1],"18":[1,0],"19":[1,0],"20":[1,1],"21":[1,0],"22":[1,1],"23":[0,1],"24":[0,0],"25":[0,0],"26":[0,0],"27":[0,0],"28":[0,0],"29":[0,10],"30":[0,10],"31":[10,10],"32":[1,9],"33":[2,4],"34":[0,4],"35":[1,3],"36":[2,1],"37":[3,2],"38":[3,1],"39":[1,2],"40":[3,2],"41":[0,2],"42":[0,2],"43":[1,1],"44":[0,2],"45":[2,0],"46":[2,2],"47":[0,0]},"_coverageSchema":"1a1c01bbd47fc00a2c39e90264f33305004495a9","hash":"b702b0d3d6826af0f8eb41237b1f6926a6c03baf"}
}
