{"C:\\Users\\manch\\OneDrive\\Desktop\\se_new\\Change-Management-Software\\scms-api\\middleware\\authMiddleware.js": {"path":"C:\\Users\\manch\\OneDrive\\Desktop\\se_new\\Change-Management-Software\\scms-api\\middleware\\authMiddleware.js","statementMap":{"0":{"start":{"line":1,"column":12},"end":{"line":1,"column":35}},"1":{"start":{"line":3,"column":0},"end":{"line":20,"column":2}},"2":{"start":{"line":5,"column":21},"end":{"line":5,"column":48}},"3":{"start":{"line":6,"column":2},"end":{"line":8,"column":3}},"4":{"start":{"line":7,"column":4},"end":{"line":7,"column":79}},"5":{"start":{"line":10,"column":2},"end":{"line":19,"column":3}},"6":{"start":{"line":11,"column":18},"end":{"line":11,"column":42}},"7":{"start":{"line":12,"column":20},"end":{"line":12,"column":61}},"8":{"start":{"line":15,"column":4},"end":{"line":15,"column":28}},"9":{"start":{"line":16,"column":4},"end":{"line":16,"column":11}},"10":{"start":{"line":18,"column":4},"end":{"line":18,"column":60}}},"fnMap":{"0":{"name":"(anonymous_0)","decl":{"start":{"line":3,"column":17},"end":{"line":3,"column":18}},"loc":{"start":{"line":3,"column":42},"end":{"line":20,"column":1}},"line":3}},"branchMap":{"0":{"loc":{"start":{"line":6,"column":2},"end":{"line":8,"column":3}},"type":"if","locations":[{"start":{"line":6,"column":2},"end":{"line":8,"column":3}},{"start":{},"end":{}}],"line":6},"1":{"loc":{"start":{"line":6,"column":6},"end":{"line":6,"column":54}},"type":"binary-expr","locations":[{"start":{"line":6,"column":6},"end":{"line":6,"column":17}},{"start":{"line":6,"column":21},"end":{"line":6,"column":54}}],"line":6}},"s":{"0":2,"1":2,"2":16,"3":16,"4":1,"5":15,"6":15,"7":15,"8":15,"9":15,"10":0},"f":{"0":16},"b":{"0":[1,15],"1":[16,15]},"_coverageSchema":"1a1c01bbd47fc00a2c39e90264f33305004495a9","hash":"5795ad2ac616ff667104feb9e2112886ca47bac7"}
,"C:\\Users\\manch\\OneDrive\\Desktop\\se_new\\Change-Management-Software\\scms-api\\middleware\\roleAuth.js": {"path":"C:\\Users\\manch\\OneDrive\\Desktop\\se_new\\Change-Management-Software\\scms-api\\middleware\\roleAuth.js","statementMap":{"0":{"start":{"line":2,"column":17},"end":{"line":15,"column":1}},"1":{"start":{"line":3,"column":2},"end":{"line":14,"column":4}},"2":{"start":{"line":5,"column":4},"end":{"line":11,"column":5}},"3":{"start":{"line":8,"column":6},"end":{"line":10,"column":9}},"4":{"start":{"line":13,"column":4},"end":{"line":13,"column":11}},"5":{"start":{"line":17,"column":0},"end":{"line":17,"column":26}}},"fnMap":{"0":{"name":"(anonymous_0)","decl":{"start":{"line":2,"column":17},"end":{"line":2,"column":18}},"loc":{"start":{"line":2,"column":35},"end":{"line":15,"column":1}},"line":2},"1":{"name":"(anonymous_1)","decl":{"start":{"line":3,"column":9},"end":{"line":3,"column":10}},"loc":{"start":{"line":3,"column":29},"end":{"line":14,"column":3}},"line":3}},"branchMap":{"0":{"loc":{"start":{"line":5,"column":4},"end":{"line":11,"column":5}},"type":"if","locations":[{"start":{"line":5,"column":4},"end":{"line":11,"column":5}},{"start":{},"end":{}}],"line":5},"1":{"loc":{"start":{"line":5,"column":8},"end":{"line":5,"column":58}},"type":"binary-expr","locations":[{"start":{"line":5,"column":8},"end":{"line":5,"column":17}},{"start":{"line":5,"column":21},"end":{"line":5,"column":58}}],"line":5}},"s":{"0":2,"1":6,"2":13,"3":1,"4":12,"5":2},"f":{"0":6,"1":13},"b":{"0":[1,12],"1":[13,13]},"_coverageSchema":"1a1c01bbd47fc00a2c39e90264f33305004495a9","hash":"151cab59a5aa8234b1f00bf9bd2c0a1af5a7ee30"}
,"C:\\Users\\manch\\OneDrive\\Desktop\\se_new\\Change-Management-Software\\scms-api\\models\\ChangeRequest.js": {"path":"C:\\Users\\manch\\OneDrive\\Desktop\\se_new\\Change-Management-Software\\scms-api\\models\\ChangeRequest.js","statementMap":{"0":{"start":{"line":1,"column":17},"end":{"line":1,"column":36}},"1":{"start":{"line":3,"column":28},"end":{"line":30,"column":24}},"2":{"start":{"line":32,"column":0},"end":{"line":32,"column":70}}},"fnMap":{},"branchMap":{},"s":{"0":2,"1":2,"2":2},"f":{},"b":{},"_coverageSchema":"1a1c01bbd47fc00a2c39e90264f33305004495a9","hash":"60d5456be74897dd0e4705f5bd1e47dbddcecb7c"}
,"C:\\Users\\manch\\OneDrive\\Desktop\\se_new\\Change-Management-Software\\scms-api\\models\\User.js": {"path":"C:\\Users\\manch\\OneDrive\\Desktop\\se_new\\Change-Management-Software\\scms-api\\models\\User.js","statementMap":{"0":{"start":{"line":1,"column":17},"end":{"line":1,"column":36}},"1":{"start":{"line":2,"column":15},"end":{"line":2,"column":34}},"2":{"start":{"line":4,"column":19},"end":{"line":8,"column":24}},"3":{"start":{"line":11,"column":0},"end":{"line":18,"column":3}},"4":{"start":{"line":12,"column":2},"end":{"line":14,"column":3}},"5":{"start":{"line":13,"column":4},"end":{"line":13,"column":18}},"6":{"start":{"line":15,"column":15},"end":{"line":15,"column":39}},"7":{"start":{"line":16,"column":2},"end":{"line":16,"column":57}},"8":{"start":{"line":17,"column":2},"end":{"line":17,"column":9}},"9":{"start":{"line":20,"column":0},"end":{"line":20,"column":52}}},"fnMap":{"0":{"name":"(anonymous_0)","decl":{"start":{"line":11,"column":23},"end":{"line":11,"column":24}},"loc":{"start":{"line":11,"column":44},"end":{"line":18,"column":1}},"line":11}},"branchMap":{"0":{"loc":{"start":{"line":12,"column":2},"end":{"line":14,"column":3}},"type":"if","locations":[{"start":{"line":12,"column":2},"end":{"line":14,"column":3}},{"start":{},"end":{}}],"line":12}},"s":{"0":2,"1":2,"2":2,"3":2,"4":10,"5":0,"6":10,"7":10,"8":10,"9":2},"f":{"0":10},"b":{"0":[0,10]},"_coverageSchema":"1a1c01bbd47fc00a2c39e90264f33305004495a9","hash":"a43f8419f8a5ba5707a29c1aeb79c39fd71fc124"}
,"C:\\Users\\manch\\OneDrive\\Desktop\\se_new\\Change-Management-Software\\scms-api\\routes\\auth.js": {"path":"C:\\Users\\manch\\OneDrive\\Desktop\\se_new\\Change-Management-Software\\scms-api\\routes\\auth.js","statementMap":{"0":{"start":{"line":1,"column":16},"end":{"line":1,"column":34}},"1":{"start":{"line":2,"column":15},"end":{"line":2,"column":34}},"2":{"start":{"line":3,"column":12},"end":{"line":3,"column":35}},"3":{"start":{"line":4,"column":13},"end":{"line":4,"column":38}},"4":{"start":{"line":5,"column":35},"end":{"line":5,"column":63}},"5":{"start":{"line":7,"column":15},"end":{"line":7,"column":31}},"6":{"start":{"line":10,"column":0},"end":{"line":53,"column":2}},"7":{"start":{"line":17,"column":19},"end":{"line":17,"column":40}},"8":{"start":{"line":18,"column":4},"end":{"line":20,"column":5}},"9":{"start":{"line":19,"column":6},"end":{"line":19,"column":68}},"10":{"start":{"line":22,"column":38},"end":{"line":22,"column":46}},"11":{"start":{"line":23,"column":4},"end":{"line":51,"column":5}},"12":{"start":{"line":24,"column":17},"end":{"line":24,"column":46}},"13":{"start":{"line":25,"column":6},"end":{"line":27,"column":7}},"14":{"start":{"line":26,"column":8},"end":{"line":26,"column":75}},"15":{"start":{"line":28,"column":6},"end":{"line":28,"column":49}},"16":{"start":{"line":29,"column":6},"end":{"line":29,"column":24}},"17":{"start":{"line":31,"column":22},"end":{"line":33,"column":7}},"18":{"start":{"line":34,"column":20},"end":{"line":34,"column":83}},"19":{"start":{"line":39,"column":6},"end":{"line":47,"column":9}},"20":{"start":{"line":50,"column":6},"end":{"line":50,"column":54}},"21":{"start":{"line":57,"column":0},"end":{"line":97,"column":3}},"22":{"start":{"line":58,"column":30},"end":{"line":58,"column":38}},"23":{"start":{"line":59,"column":2},"end":{"line":96,"column":3}},"24":{"start":{"line":60,"column":17},"end":{"line":60,"column":46}},"25":{"start":{"line":61,"column":4},"end":{"line":63,"column":5}},"26":{"start":{"line":62,"column":6},"end":{"line":62,"column":74}},"27":{"start":{"line":65,"column":20},"end":{"line":65,"column":65}},"28":{"start":{"line":66,"column":4},"end":{"line":68,"column":5}},"29":{"start":{"line":67,"column":6},"end":{"line":67,"column":74}},"30":{"start":{"line":70,"column":20},"end":{"line":76,"column":5}},"31":{"start":{"line":78,"column":18},"end":{"line":82,"column":5}},"32":{"start":{"line":85,"column":4},"end":{"line":92,"column":7}},"33":{"start":{"line":94,"column":4},"end":{"line":94,"column":25}},"34":{"start":{"line":95,"column":4},"end":{"line":95,"column":52}},"35":{"start":{"line":101,"column":0},"end":{"line":101,"column":24}}},"fnMap":{"0":{"name":"(anonymous_0)","decl":{"start":{"line":16,"column":2},"end":{"line":16,"column":3}},"loc":{"start":{"line":16,"column":22},"end":{"line":52,"column":3}},"line":16},"1":{"name":"(anonymous_1)","decl":{"start":{"line":57,"column":22},"end":{"line":57,"column":23}},"loc":{"start":{"line":57,"column":42},"end":{"line":97,"column":1}},"line":57}},"branchMap":{"0":{"loc":{"start":{"line":18,"column":4},"end":{"line":20,"column":5}},"type":"if","locations":[{"start":{"line":18,"column":4},"end":{"line":20,"column":5}},{"start":{},"end":{}}],"line":18},"1":{"loc":{"start":{"line":25,"column":6},"end":{"line":27,"column":7}},"type":"if","locations":[{"start":{"line":25,"column":6},"end":{"line":27,"column":7}},{"start":{},"end":{}}],"line":25},"2":{"loc":{"start":{"line":61,"column":4},"end":{"line":63,"column":5}},"type":"if","locations":[{"start":{"line":61,"column":4},"end":{"line":63,"column":5}},{"start":{},"end":{}}],"line":61},"3":{"loc":{"start":{"line":66,"column":4},"end":{"line":68,"column":5}},"type":"if","locations":[{"start":{"line":66,"column":4},"end":{"line":68,"column":5}},{"start":{},"end":{}}],"line":66}},"s":{"0":2,"1":2,"2":2,"3":2,"4":2,"5":2,"6":2,"7":6,"8":6,"9":1,"10":5,"11":5,"12":5,"13":5,"14":1,"15":4,"16":4,"17":4,"18":4,"19":4,"20":0,"21":2,"22":3,"23":3,"24":3,"25":3,"26":1,"27":2,"28":2,"29":1,"30":1,"31":1,"32":1,"33":0,"34":0,"35":2},"f":{"0":6,"1":3},"b":{"0":[1,5],"1":[1,4],"2":[1,2],"3":[1,1]},"_coverageSchema":"1a1c01bbd47fc00a2c39e90264f33305004495a9","hash":"7f9d6f684e836813a6457cfdc3de72e231e63107"}
,"C:\\Users\\manch\\OneDrive\\Desktop\\se_new\\Change-Management-Software\\scms-api\\routes\\changeRequests.js": {"path":"C:\\Users\\manch\\OneDrive\\Desktop\\se_new\\Change-Management-Software\\scms-api\\routes\\changeRequests.js","statementMap":{"0":{"start":{"line":1,"column":16},"end":{"line":1,"column":34}},"1":{"start":{"line":2,"column":22},"end":{"line":2,"column":56}},"2":{"start":{"line":3,"column":23},"end":{"line":3,"column":62}},"3":{"start":{"line":4,"column":17},"end":{"line":4,"column":50}},"4":{"start":{"line":5,"column":15},"end":{"line":5,"column":31}},"5":{"start":{"line":11,"column":15},"end":{"line":11,"column":39}},"6":{"start":{"line":12,"column":20},"end":{"line":12,"column":45}},"7":{"start":{"line":14,"column":17},"end":{"line":15,"column":60}},"8":{"start":{"line":17,"column":16},"end":{"line":17,"column":17}},"9":{"start":{"line":19,"column":2},"end":{"line":22,"column":3}},"10":{"start":{"line":20,"column":20},"end":{"line":20,"column":64}},"11":{"start":{"line":21,"column":4},"end":{"line":21,"column":26}},"12":{"start":{"line":24,"column":17},"end":{"line":24,"column":52}},"13":{"start":{"line":25,"column":2},"end":{"line":25,"column":32}},"14":{"start":{"line":29,"column":0},"end":{"line":58,"column":2}},"15":{"start":{"line":33,"column":82},"end":{"line":33,"column":90}},"16":{"start":{"line":35,"column":4},"end":{"line":56,"column":5}},"17":{"start":{"line":36,"column":24},"end":{"line":36,"column":48}},"18":{"start":{"line":38,"column":20},"end":{"line":48,"column":8}},"19":{"start":{"line":50,"column":6},"end":{"line":50,"column":25}},"20":{"start":{"line":52,"column":6},"end":{"line":52,"column":34}},"21":{"start":{"line":54,"column":6},"end":{"line":54,"column":27}},"22":{"start":{"line":55,"column":6},"end":{"line":55,"column":73}},"23":{"start":{"line":61,"column":0},"end":{"line":76,"column":3}},"24":{"start":{"line":62,"column":2},"end":{"line":75,"column":3}},"25":{"start":{"line":63,"column":16},"end":{"line":63,"column":18}},"26":{"start":{"line":64,"column":21},"end":{"line":64,"column":34}},"27":{"start":{"line":66,"column":4},"end":{"line":68,"column":5}},"28":{"start":{"line":67,"column":6},"end":{"line":67,"column":36}},"29":{"start":{"line":70,"column":16},"end":{"line":70,"column":71}},"30":{"start":{"line":71,"column":4},"end":{"line":71,"column":38}},"31":{"start":{"line":74,"column":4},"end":{"line":74,"column":71}},"32":{"start":{"line":82,"column":0},"end":{"line":118,"column":2}},"33":{"start":{"line":86,"column":90},"end":{"line":86,"column":98}},"34":{"start":{"line":88,"column":4},"end":{"line":116,"column":5}},"35":{"start":{"line":89,"column":15},"end":{"line":89,"column":58}},"36":{"start":{"line":90,"column":6},"end":{"line":92,"column":7}},"37":{"start":{"line":91,"column":8},"end":{"line":91,"column":65}},"38":{"start":{"line":93,"column":6},"end":{"line":95,"column":7}},"39":{"start":{"line":94,"column":9},"end":{"line":94,"column":100}},"40":{"start":{"line":96,"column":6},"end":{"line":98,"column":7}},"41":{"start":{"line":97,"column":9},"end":{"line":97,"column":118}},"42":{"start":{"line":100,"column":6},"end":{"line":100,"column":35}},"43":{"start":{"line":101,"column":6},"end":{"line":101,"column":53}},"44":{"start":{"line":102,"column":6},"end":{"line":102,"column":44}},"45":{"start":{"line":103,"column":6},"end":{"line":103,"column":44}},"46":{"start":{"line":104,"column":6},"end":{"line":104,"column":56}},"47":{"start":{"line":105,"column":6},"end":{"line":105,"column":68}},"48":{"start":{"line":106,"column":6},"end":{"line":108,"column":7}},"49":{"start":{"line":107,"column":8},"end":{"line":107,"column":27}},"50":{"start":{"line":110,"column":24},"end":{"line":110,"column":39}},"51":{"start":{"line":111,"column":6},"end":{"line":111,"column":26}},"52":{"start":{"line":114,"column":6},"end":{"line":114,"column":49}},"53":{"start":{"line":115,"column":6},"end":{"line":115,"column":54}},"54":{"start":{"line":121,"column":0},"end":{"line":145,"column":2}},"55":{"start":{"line":125,"column":4},"end":{"line":143,"column":5}},"56":{"start":{"line":126,"column":17},"end":{"line":126,"column":60}},"57":{"start":{"line":127,"column":6},"end":{"line":129,"column":7}},"58":{"start":{"line":128,"column":8},"end":{"line":128,"column":65}},"59":{"start":{"line":130,"column":6},"end":{"line":132,"column":7}},"60":{"start":{"line":131,"column":8},"end":{"line":131,"column":99}},"61":{"start":{"line":133,"column":6},"end":{"line":135,"column":7}},"62":{"start":{"line":134,"column":8},"end":{"line":134,"column":112}},"63":{"start":{"line":137,"column":6},"end":{"line":137,"column":27}},"64":{"start":{"line":138,"column":6},"end":{"line":138,"column":55}},"65":{"start":{"line":141,"column":6},"end":{"line":141,"column":49}},"66":{"start":{"line":142,"column":6},"end":{"line":142,"column":54}},"67":{"start":{"line":147,"column":0},"end":{"line":147,"column":24}}},"fnMap":{"0":{"name":"generateCrNumber","decl":{"start":{"line":10,"column":15},"end":{"line":10,"column":31}},"loc":{"start":{"line":10,"column":34},"end":{"line":26,"column":1}},"line":10},"1":{"name":"(anonymous_1)","decl":{"start":{"line":32,"column":2},"end":{"line":32,"column":3}},"loc":{"start":{"line":32,"column":22},"end":{"line":57,"column":3}},"line":32},"2":{"name":"(anonymous_2)","decl":{"start":{"line":61,"column":32},"end":{"line":61,"column":33}},"loc":{"start":{"line":61,"column":52},"end":{"line":76,"column":1}},"line":61},"3":{"name":"(anonymous_3)","decl":{"start":{"line":85,"column":2},"end":{"line":85,"column":3}},"loc":{"start":{"line":85,"column":22},"end":{"line":117,"column":3}},"line":85},"4":{"name":"(anonymous_4)","decl":{"start":{"line":124,"column":2},"end":{"line":124,"column":3}},"loc":{"start":{"line":124,"column":22},"end":{"line":144,"column":3}},"line":124}},"branchMap":{"0":{"loc":{"start":{"line":19,"column":2},"end":{"line":22,"column":3}},"type":"if","locations":[{"start":{"line":19,"column":2},"end":{"line":22,"column":3}},{"start":{},"end":{}}],"line":19},"1":{"loc":{"start":{"line":44,"column":21},"end":{"line":44,"column":53}},"type":"cond-expr","locations":[{"start":{"line":44,"column":35},"end":{"line":44,"column":48}},{"start":{"line":44,"column":51},"end":{"line":44,"column":53}}],"line":44},"2":{"loc":{"start":{"line":66,"column":4},"end":{"line":68,"column":5}},"type":"if","locations":[{"start":{"line":66,"column":4},"end":{"line":68,"column":5}},{"start":{},"end":{}}],"line":66},"3":{"loc":{"start":{"line":90,"column":6},"end":{"line":92,"column":7}},"type":"if","locations":[{"start":{"line":90,"column":6},"end":{"line":92,"column":7}},{"start":{},"end":{}}],"line":90},"4":{"loc":{"start":{"line":93,"column":6},"end":{"line":95,"column":7}},"type":"if","locations":[{"start":{"line":93,"column":6},"end":{"line":95,"column":7}},{"start":{},"end":{}}],"line":93},"5":{"loc":{"start":{"line":96,"column":6},"end":{"line":98,"column":7}},"type":"if","locations":[{"start":{"line":96,"column":6},"end":{"line":98,"column":7}},{"start":{},"end":{}}],"line":96},"6":{"loc":{"start":{"line":100,"column":17},"end":{"line":100,"column":34}},"type":"binary-expr","locations":[{"start":{"line":100,"column":17},"end":{"line":100,"column":22}},{"start":{"line":100,"column":26},"end":{"line":100,"column":34}}],"line":100},"7":{"loc":{"start":{"line":101,"column":23},"end":{"line":101,"column":52}},"type":"binary-expr","locations":[{"start":{"line":101,"column":23},"end":{"line":101,"column":34}},{"start":{"line":101,"column":38},"end":{"line":101,"column":52}}],"line":101},"8":{"loc":{"start":{"line":102,"column":20},"end":{"line":102,"column":43}},"type":"binary-expr","locations":[{"start":{"line":102,"column":20},"end":{"line":102,"column":28}},{"start":{"line":102,"column":32},"end":{"line":102,"column":43}}],"line":102},"9":{"loc":{"start":{"line":103,"column":20},"end":{"line":103,"column":43}},"type":"binary-expr","locations":[{"start":{"line":103,"column":20},"end":{"line":103,"column":28}},{"start":{"line":103,"column":32},"end":{"line":103,"column":43}}],"line":103},"10":{"loc":{"start":{"line":104,"column":24},"end":{"line":104,"column":55}},"type":"binary-expr","locations":[{"start":{"line":104,"column":24},"end":{"line":104,"column":36}},{"start":{"line":104,"column":40},"end":{"line":104,"column":55}}],"line":104},"11":{"loc":{"start":{"line":105,"column":23},"end":{"line":105,"column":67}},"type":"cond-expr","locations":[{"start":{"line":105,"column":37},"end":{"line":105,"column":50}},{"start":{"line":105,"column":53},"end":{"line":105,"column":67}}],"line":105},"12":{"loc":{"start":{"line":106,"column":6},"end":{"line":108,"column":7}},"type":"if","locations":[{"start":{"line":106,"column":6},"end":{"line":108,"column":7}},{"start":{},"end":{}}],"line":106},"13":{"loc":{"start":{"line":127,"column":6},"end":{"line":129,"column":7}},"type":"if","locations":[{"start":{"line":127,"column":6},"end":{"line":129,"column":7}},{"start":{},"end":{}}],"line":127},"14":{"loc":{"start":{"line":130,"column":6},"end":{"line":132,"column":7}},"type":"if","locations":[{"start":{"line":130,"column":6},"end":{"line":132,"column":7}},{"start":{},"end":{}}],"line":130},"15":{"loc":{"start":{"line":133,"column":6},"end":{"line":135,"column":7}},"type":"if","locations":[{"start":{"line":133,"column":6},"end":{"line":135,"column":7}},{"start":{},"end":{}}],"line":133}},"s":{"0":2,"1":2,"2":2,"3":2,"4":2,"5":8,"6":8,"7":8,"8":8,"9":8,"10":1,"11":1,"12":8,"13":8,"14":2,"15":8,"16":8,"17":8,"18":8,"19":8,"20":7,"21":1,"22":1,"23":2,"24":2,"25":2,"26":2,"27":2,"28":1,"29":2,"30":2,"31":0,"32":2,"33":2,"34":2,"35":2,"36":2,"37":0,"38":2,"39":1,"40":1,"41":0,"42":1,"43":1,"44":1,"45":1,"46":1,"47":1,"48":1,"49":0,"50":1,"51":1,"52":0,"53":0,"54":2,"55":2,"56":2,"57":2,"58":0,"59":2,"60":0,"61":2,"62":1,"63":1,"64":1,"65":0,"66":0,"67":2},"f":{"0":8,"1":8,"2":2,"3":2,"4":2},"b":{"0":[1,7],"1":[8,0],"2":[1,1],"3":[0,2],"4":[1,1],"5":[0,1],"6":[1,0],"7":[1,1],"8":[1,1],"9":[1,1],"10":[1,1],"11":[0,1],"12":[0,1],"13":[0,2],"14":[0,2],"15":[1,1]},"_coverageSchema":"1a1c01bbd47fc00a2c39e90264f33305004495a9","hash":"dc48dd3535a9b1b55d2db2ffaf1283b054756eb0"}
}
