TN:
SF:middleware\authMiddleware.js
FN:3,(anonymous_0)
FNF:1
FNH:1
FNDA:79,(anonymous_0)
DA:1,5
DA:3,5
DA:5,79
DA:6,79
DA:7,2
DA:10,77
DA:11,77
DA:12,77
DA:15,76
DA:16,76
DA:18,1
LF:11
LH:11
BRDA:6,0,0,2
BRDA:6,0,1,77
BRDA:6,1,0,79
BRDA:6,1,1,77
BRF:4
BRH:4
end_of_record
TN:
SF:middleware\roleAuth.js
FN:2,(anonymous_0)
FN:3,(anonymous_1)
FNF:2
FNH:2
FNDA:20,(anonymous_0)
FNDA:47,(anonymous_1)
DA:2,5
DA:3,20
DA:5,47
DA:8,0
DA:13,47
DA:17,5
LF:6
LH:5
BRDA:5,0,0,0
BRDA:5,0,1,47
BRDA:5,1,0,47
BRDA:5,1,1,47
BRF:4
BRH:3
end_of_record
TN:
SF:models\ChangeRequest.js
FN:146,(anonymous_0)
FNF:1
FNH:1
FNDA:79,(anonymous_0)
DA:1,5
DA:3,5
DA:141,5
DA:143,5
DA:146,5
DA:147,79
DA:151,5
DA:152,5
DA:154,5
LF:9
LH:9
BRDA:147,0,0,79
BRDA:147,0,1,68
BRF:2
BRH:2
end_of_record
TN:
SF:models\Counter.js
FNF:0
FNH:0
DA:3,5
DA:11,5
DA:16,5
LF:3
LH:3
BRF:0
BRH:0
end_of_record
TN:
SF:models\User.js
FN:43,(anonymous_0)
FN:59,(anonymous_1)
FN:64,(anonymous_2)
FN:77,(anonymous_3)
FNF:4
FNH:1
FNDA:28,(anonymous_0)
FNDA:0,(anonymous_1)
FNDA:0,(anonymous_2)
FNDA:0,(anonymous_3)
DA:1,5
DA:2,5
DA:4,5
DA:43,5
DA:45,28
DA:46,1
DA:49,27
DA:50,27
DA:51,27
DA:52,27
DA:54,0
DA:59,5
DA:60,0
DA:64,5
DA:65,0
DA:73,0
DA:77,5
DA:78,0
DA:83,0
DA:86,5
LF:20
LH:14
BRDA:45,0,0,1
BRDA:45,0,1,27
BRF:2
BRH:2
end_of_record
TN:
SF:routes\admin.js
FN:11,(anonymous_0)
FN:24,(anonymous_1)
FN:38,(anonymous_2)
FN:61,(anonymous_3)
FN:100,(anonymous_4)
FN:146,(anonymous_5)
FN:171,(anonymous_6)
FN:227,(anonymous_7)
FNF:8
FNH:7
FNDA:12,(anonymous_0)
FNDA:1,(anonymous_1)
FNDA:0,(anonymous_2)
FNDA:2,(anonymous_3)
FNDA:1,(anonymous_4)
FNDA:2,(anonymous_5)
FNDA:3,(anonymous_6)
FNDA:1,(anonymous_7)
DA:1,5
DA:2,5
DA:3,5
DA:4,5
DA:5,5
DA:6,5
DA:8,5
DA:11,5
DA:12,12
DA:13,2
DA:15,10
DA:19,5
DA:24,5
DA:25,1
DA:26,1
DA:30,1
DA:32,0
DA:33,0
DA:38,5
DA:39,0
DA:40,0
DA:42,0
DA:43,0
DA:46,0
DA:48,0
DA:49,0
DA:50,0
DA:52,0
DA:57,5
DA:62,2
DA:63,2
DA:64,0
DA:67,2
DA:69,2
DA:71,2
DA:72,2
DA:73,0
DA:77,2
DA:78,2
DA:81,2
DA:83,2
DA:88,0
DA:89,0
DA:90,0
DA:92,0
DA:97,5
DA:101,1
DA:102,1
DA:103,0
DA:106,1
DA:108,1
DA:109,1
DA:111,1
DA:112,0
DA:116,1
DA:117,1
DA:120,1
DA:121,0
DA:124,1
DA:127,1
DA:129,1
DA:134,0
DA:135,0
DA:136,0
DA:138,0
DA:139,0
DA:141,0
DA:146,5
DA:147,2
DA:148,2
DA:150,2
DA:151,0
DA:155,2
DA:156,1
DA:159,1
DA:161,1
DA:163,0
DA:164,0
DA:171,5
DA:172,3
DA:174,3
DA:175,3
DA:181,3
DA:182,3
DA:187,3
DA:193,3
DA:198,3
DA:203,3
DA:219,0
DA:220,0
DA:227,5
DA:228,1
DA:229,1
DA:236,1
DA:238,0
DA:239,0
DA:243,5
LF:97
LH:64
BRDA:12,0,0,2
BRDA:12,0,1,10
BRDA:12,1,0,12
BRDA:12,1,1,12
BRDA:42,2,0,0
BRDA:42,2,1,0
BRDA:49,3,0,0
BRDA:49,3,1,0
BRDA:63,4,0,0
BRDA:63,4,1,2
BRDA:72,5,0,0
BRDA:72,5,1,2
BRDA:89,6,0,0
BRDA:89,6,1,0
BRDA:102,7,0,0
BRDA:102,7,1,1
BRDA:111,8,0,0
BRDA:111,8,1,1
BRDA:116,9,0,0
BRDA:116,9,1,1
BRDA:117,10,0,1
BRDA:117,10,1,0
BRDA:120,11,0,0
BRDA:120,11,1,1
BRDA:120,12,0,1
BRDA:120,12,1,0
BRDA:135,13,0,0
BRDA:135,13,1,0
BRDA:138,14,0,0
BRDA:138,14,1,0
BRDA:150,15,0,0
BRDA:150,15,1,2
BRDA:155,16,0,1
BRDA:155,16,1,1
BRF:34
BRH:15
end_of_record
TN:
SF:routes\auth.js
FN:17,(anonymous_0)
FN:60,(anonymous_1)
FNF:2
FNH:2
FNDA:31,(anonymous_0)
FNDA:16,(anonymous_1)
DA:1,5
DA:2,5
DA:3,5
DA:4,5
DA:5,5
DA:7,5
DA:11,5
DA:18,31
DA:19,31
DA:20,4
DA:23,27
DA:24,27
DA:25,27
DA:26,27
DA:28,2
DA:30,25
DA:31,25
DA:33,25
DA:38,25
DA:41,25
DA:52,0
DA:60,5
DA:61,16
DA:62,16
DA:63,16
DA:64,16
DA:66,1
DA:69,15
DA:70,15
DA:72,2
DA:76,13
DA:84,13
DA:90,13
DA:99,0
DA:100,0
DA:104,5
LF:36
LH:33
BRDA:19,0,0,4
BRDA:19,0,1,27
BRDA:26,1,0,2
BRDA:26,1,1,25
BRDA:64,2,0,1
BRDA:64,2,1,15
BRDA:70,3,0,2
BRDA:70,3,1,13
BRF:8
BRH:8
end_of_record
TN:
SF:routes\changeRequests.js
FN:9,canApprove
FN:22,isDeveloperRole
FN:31,generateCrNumber
FN:44,(anonymous_3)
FN:54,(anonymous_4)
FN:92,(anonymous_5)
FN:122,(anonymous_6)
FN:157,(anonymous_7)
FN:185,(anonymous_8)
FN:210,(anonymous_9)
FN:246,(anonymous_10)
FN:293,(anonymous_11)
FN:342,(anonymous_12)
FNF:13
FNH:11
FNDA:10,canApprove
FNDA:7,isDeveloperRole
FNDA:32,generateCrNumber
FNDA:32,(anonymous_3)
FNDA:0,(anonymous_4)
FNDA:3,(anonymous_5)
FNDA:5,(anonymous_6)
FNDA:3,(anonymous_7)
FNDA:0,(anonymous_8)
FNDA:10,(anonymous_9)
FNDA:6,(anonymous_10)
FNDA:3,(anonymous_11)
FNDA:2,(anonymous_12)
DA:1,5
DA:2,5
DA:3,5
DA:4,5
DA:5,5
DA:6,5
DA:10,10
DA:18,10
DA:23,7
DA:28,7
DA:32,32
DA:33,32
DA:34,32
DA:39,31
DA:40,31
DA:44,5
DA:45,32
DA:47,32
DA:48,32
DA:51,31
DA:52,31
DA:53,25
DA:54,25
DA:55,0
DA:56,0
DA:60,31
DA:72,31
DA:75,26
DA:78,26
DA:80,6
DA:81,6
DA:82,1
DA:84,5
DA:85,5
DA:87,0
DA:92,5
DA:93,3
DA:94,3
DA:95,3
DA:98,3
DA:99,1
DA:102,2
DA:103,2
DA:107,3
DA:114,3
DA:116,0
DA:117,0
DA:122,5
DA:123,5
DA:124,5
DA:130,5
DA:131,1
DA:135,4
DA:136,3
DA:137,0
DA:138,0
DA:140,3
DA:141,2
DA:146,2
DA:148,0
DA:149,0
DA:150,0
DA:152,0
DA:157,5
DA:158,3
DA:160,3
DA:161,3
DA:163,3
DA:164,0
DA:167,3
DA:168,1
DA:171,2
DA:172,1
DA:176,1
DA:177,1
DA:178,1
DA:179,1
DA:180,1
DA:183,1
DA:184,0
DA:185,0
DA:186,0
DA:187,0
DA:189,0
DA:193,1
DA:196,1
DA:199,1
DA:201,0
DA:202,0
DA:203,0
DA:205,0
DA:210,5
DA:211,10
DA:212,10
DA:214,10
DA:215,0
DA:218,10
DA:219,0
DA:222,10
DA:223,1
DA:226,9
DA:227,9
DA:228,9
DA:230,9
DA:233,9
DA:237,9
DA:239,0
DA:240,0
DA:246,5
DA:247,6
DA:249,6
DA:250,2
DA:255,4
DA:257,4
DA:259,4
DA:260,0
DA:263,4
DA:264,1
DA:267,3
DA:268,3
DA:269,3
DA:272,3
DA:273,2
DA:276,3
DA:278,3
DA:284,3
DA:286,0
DA:287,0
DA:293,5
DA:294,3
DA:297,3
DA:299,3
DA:300,1
DA:303,2
DA:305,2
DA:306,0
DA:311,2
DA:313,2
DA:314,0
DA:317,2
DA:318,1
DA:321,1
DA:322,1
DA:323,1
DA:324,1
DA:326,1
DA:328,1
DA:334,1
DA:336,0
DA:337,0
DA:342,5
DA:343,2
DA:344,2
DA:346,2
DA:347,0
DA:350,2
DA:351,2
DA:354,0
DA:355,0
DA:358,0
DA:359,0
DA:361,0
DA:362,0
DA:366,5
LF:164
LH:125
BRDA:52,0,0,25
BRDA:52,0,1,6
BRDA:53,1,0,25
BRDA:53,1,1,0
BRDA:54,2,0,0
BRDA:54,2,1,0
BRDA:55,3,0,0
BRDA:55,3,1,0
BRDA:55,4,0,0
BRDA:55,4,1,0
BRDA:81,5,0,1
BRDA:81,5,1,5
BRDA:84,6,0,5
BRDA:84,6,1,0
BRDA:98,7,0,1
BRDA:98,7,1,2
BRDA:102,8,0,2
BRDA:102,8,1,0
BRDA:130,9,0,1
BRDA:130,9,1,4
BRDA:135,10,0,3
BRDA:135,10,1,1
BRDA:136,11,0,0
BRDA:136,11,1,3
BRDA:140,12,0,2
BRDA:140,12,1,1
BRDA:149,13,0,0
BRDA:149,13,1,0
BRDA:163,14,0,0
BRDA:163,14,1,3
BRDA:167,15,0,1
BRDA:167,15,1,2
BRDA:167,16,0,3
BRDA:167,16,1,3
BRDA:171,17,0,1
BRDA:171,17,1,1
BRDA:176,18,0,1
BRDA:176,18,1,0
BRDA:177,19,0,1
BRDA:177,19,1,0
BRDA:178,20,0,1
BRDA:178,20,1,1
BRDA:179,21,0,1
BRDA:179,21,1,0
BRDA:180,22,0,1
BRDA:180,22,1,1
BRDA:183,23,0,0
BRDA:183,23,1,1
BRDA:184,24,0,0
BRDA:184,24,1,0
BRDA:185,25,0,0
BRDA:185,25,1,0
BRDA:186,26,0,0
BRDA:186,26,1,0
BRDA:186,27,0,0
BRDA:186,27,1,0
BRDA:202,28,0,0
BRDA:202,28,1,0
BRDA:214,29,0,0
BRDA:214,29,1,10
BRDA:218,30,0,0
BRDA:218,30,1,10
BRDA:218,31,0,10
BRDA:218,31,1,10
BRDA:222,32,0,1
BRDA:222,32,1,9
BRDA:249,33,0,2
BRDA:249,33,1,4
BRDA:259,34,0,0
BRDA:259,34,1,4
BRDA:263,35,0,1
BRDA:263,35,1,3
BRDA:272,36,0,2
BRDA:272,36,1,1
BRDA:272,37,0,3
BRDA:272,37,1,2
BRDA:297,38,0,3
BRDA:297,38,1,1
BRDA:299,39,0,1
BRDA:299,39,1,2
BRDA:299,40,0,3
BRDA:299,40,1,2
BRDA:305,41,0,0
BRDA:305,41,1,2
BRDA:313,42,0,0
BRDA:313,42,1,2
BRDA:317,43,0,1
BRDA:317,43,1,1
BRDA:346,44,0,0
BRDA:346,44,1,2
BRDA:350,45,0,2
BRDA:350,45,1,0
BRDA:350,46,0,2
BRDA:350,46,1,2
BRDA:354,47,0,0
BRDA:354,47,1,0
BRF:96
BRH:60
end_of_record
