TN:
SF:middleware\authMiddleware.js
FN:3,(anonymous_0)
FNF:1
FNH:1
FNDA:16,(anonymous_0)
DA:1,2
DA:3,2
DA:5,16
DA:6,16
DA:7,1
DA:10,15
DA:11,15
DA:12,15
DA:15,15
DA:16,15
DA:18,0
LF:11
LH:10
BRDA:6,0,0,1
BRDA:6,0,1,15
BRDA:6,1,0,16
BRDA:6,1,1,15
BRF:4
BRH:4
end_of_record
TN:
SF:middleware\roleAuth.js
FN:2,(anonymous_0)
FN:3,(anonymous_1)
FNF:2
FNH:2
FNDA:6,(anonymous_0)
FNDA:13,(anonymous_1)
DA:2,2
DA:3,6
DA:5,13
DA:8,1
DA:13,12
DA:17,2
LF:6
LH:6
BRDA:5,0,0,1
BRDA:5,0,1,12
BRDA:5,1,0,13
BRDA:5,1,1,13
BRF:4
BRH:4
end_of_record
TN:
SF:models\ChangeRequest.js
FNF:0
FNH:0
DA:1,2
DA:3,2
DA:32,2
LF:3
LH:3
BRF:0
BRH:0
end_of_record
TN:
SF:models\User.js
FN:11,(anonymous_0)
FNF:1
FNH:1
FNDA:10,(anonymous_0)
DA:1,2
DA:2,2
DA:4,2
DA:11,2
DA:12,10
DA:13,0
DA:15,10
DA:16,10
DA:17,10
DA:20,2
LF:10
LH:9
BRDA:12,0,0,0
BRDA:12,0,1,10
BRF:2
BRH:1
end_of_record
TN:
SF:routes\auth.js
FN:16,(anonymous_0)
FN:57,(anonymous_1)
FNF:2
FNH:2
FNDA:6,(anonymous_0)
FNDA:3,(anonymous_1)
DA:1,2
DA:2,2
DA:3,2
DA:4,2
DA:5,2
DA:7,2
DA:10,2
DA:17,6
DA:18,6
DA:19,1
DA:22,5
DA:23,5
DA:24,5
DA:25,5
DA:26,1
DA:28,4
DA:29,4
DA:31,4
DA:34,4
DA:39,4
DA:50,0
DA:57,2
DA:58,3
DA:59,3
DA:60,3
DA:61,3
DA:62,1
DA:65,2
DA:66,2
DA:67,1
DA:70,1
DA:78,1
DA:85,1
DA:94,0
DA:95,0
DA:101,2
LF:36
LH:33
BRDA:18,0,0,1
BRDA:18,0,1,5
BRDA:25,1,0,1
BRDA:25,1,1,4
BRDA:61,2,0,1
BRDA:61,2,1,2
BRDA:66,3,0,1
BRDA:66,3,1,1
BRF:8
BRH:8
end_of_record
TN:
SF:routes\changeRequests.js
FN:10,generateCrNumber
FN:32,(anonymous_1)
FN:61,(anonymous_2)
FN:85,(anonymous_3)
FN:124,(anonymous_4)
FNF:5
FNH:5
FNDA:8,generateCrNumber
FNDA:8,(anonymous_1)
FNDA:2,(anonymous_2)
FNDA:2,(anonymous_3)
FNDA:2,(anonymous_4)
DA:1,2
DA:2,2
DA:3,2
DA:4,2
DA:5,2
DA:11,8
DA:12,8
DA:14,8
DA:17,8
DA:19,8
DA:20,1
DA:21,1
DA:24,8
DA:25,8
DA:29,2
DA:33,8
DA:35,8
DA:36,8
DA:38,8
DA:50,8
DA:52,7
DA:54,1
DA:55,1
DA:61,2
DA:62,2
DA:63,2
DA:64,2
DA:66,2
DA:67,1
DA:70,2
DA:71,2
DA:74,0
DA:82,2
DA:86,2
DA:88,2
DA:89,2
DA:90,2
DA:91,0
DA:93,2
DA:94,1
DA:96,1
DA:97,0
DA:100,1
DA:101,1
DA:102,1
DA:103,1
DA:104,1
DA:105,1
DA:106,1
DA:107,0
DA:110,1
DA:111,1
DA:114,0
DA:115,0
DA:121,2
DA:125,2
DA:126,2
DA:127,2
DA:128,0
DA:130,2
DA:131,0
DA:133,2
DA:134,1
DA:137,1
DA:138,1
DA:141,0
DA:142,0
DA:147,2
LF:68
LH:58
BRDA:19,0,0,1
BRDA:19,0,1,7
BRDA:44,1,0,8
BRDA:44,1,1,0
BRDA:66,2,0,1
BRDA:66,2,1,1
BRDA:90,3,0,0
BRDA:90,3,1,2
BRDA:93,4,0,1
BRDA:93,4,1,1
BRDA:96,5,0,0
BRDA:96,5,1,1
BRDA:100,6,0,1
BRDA:100,6,1,0
BRDA:101,7,0,1
BRDA:101,7,1,1
BRDA:102,8,0,1
BRDA:102,8,1,1
BRDA:103,9,0,1
BRDA:103,9,1,1
BRDA:104,10,0,1
BRDA:104,10,1,1
BRDA:105,11,0,0
BRDA:105,11,1,1
BRDA:106,12,0,0
BRDA:106,12,1,1
BRDA:127,13,0,0
BRDA:127,13,1,2
BRDA:130,14,0,0
BRDA:130,14,1,2
BRDA:133,15,0,1
BRDA:133,15,1,1
BRF:32
BRH:24
end_of_record
